{"/home/travis/build/npmtest/node-npmtest-jade/test.js":{"path":"/home/travis/build/npmtest/node-npmtest-jade/test.js","s":{"1":2,"2":2,"3":2,"4":2,"5":2,"6":2,"7":2,"8":1,"9":2,"10":2,"11":1,"12":1,"13":1,"14":1,"15":2,"16":2,"17":2,"18":2,"19":1,"20":1,"21":2,"22":2,"23":2,"24":1,"25":1,"26":1,"27":1,"28":1,"29":1,"30":1,"31":1,"32":1,"33":1,"34":1,"35":1,"36":2,"37":2,"38":1,"39":2,"40":2,"41":1,"42":2,"43":2,"44":1,"45":1,"46":1,"47":1,"48":1},"b":{"1":[2,1,1,1],"2":[1,1,1,1],"3":[1,1],"4":[1,1],"5":[1,1],"6":[1,1],"7":[1,1],"8":[1,1],"9":[1,1,1],"10":[1,1],"11":[1,1],"12":[1,1],"13":[1,1],"14":[1,1],"15":[1,1]},"f":{"1":2,"2":2,"3":2,"4":2,"5":2,"6":1,"7":1,"8":2,"9":2,"10":2,"11":1},"fnMap":{"1":{"name":"(anonymous_1)","line":12,"loc":{"start":{"line":12,"column":1},"end":{"line":12,"column":13}}},"2":{"name":"(anonymous_2)","line":19,"loc":{"start":{"line":19,"column":5},"end":{"line":19,"column":17}}},"3":{"name":"(anonymous_3)","line":23,"loc":{"start":{"line":23,"column":24},"end":{"line":23,"column":36}}},"4":{"name":"(anonymous_4)","line":61,"loc":{"start":{"line":61,"column":5},"end":{"line":61,"column":17}}},"5":{"name":"(anonymous_5)","line":82,"loc":{"start":{"line":82,"column":5},"end":{"line":82,"column":17}}},"6":{"name":"(anonymous_6)","line":102,"loc":{"start":{"line":102,"column":83},"end":{"line":105,"column":10}},"skip":true},"7":{"name":"(anonymous_7)","line":113,"loc":{"start":{"line":113,"column":77},"end":{"line":116,"column":10}},"skip":true},"8":{"name":"(anonymous_8)","line":127,"loc":{"start":{"line":127,"column":77},"end":{"line":130,"column":10}},"skip":true},"9":{"name":"(anonymous_9)","line":138,"loc":{"start":{"line":138,"column":83},"end":{"line":141,"column":10}},"skip":true},"10":{"name":"(anonymous_10)","line":149,"loc":{"start":{"line":149,"column":79},"end":{"line":152,"column":10}},"skip":true},"11":{"name":"(anonymous_11)","line":160,"loc":{"start":{"line":160,"column":75},"end":{"line":163,"column":10}},"skip":true}},"statementMap":{"1":{"start":{"line":12,"column":0},"end":{"line":175,"column":5}},"2":{"start":{"line":14,"column":4},"end":{"line":14,"column":14}},"3":{"start":{"line":19,"column":4},"end":{"line":56,"column":9}},"4":{"start":{"line":21,"column":8},"end":{"line":21,"column":19}},"5":{"start":{"line":23,"column":8},"end":{"line":35,"column":13}},"6":{"start":{"line":24,"column":12},"end":{"line":34,"column":13}},"7":{"start":{"line":25,"column":16},"end":{"line":28,"column":30}},"8":{"start":{"line":30,"column":16},"end":{"line":33,"column":27}},"9":{"start":{"line":37,"column":8},"end":{"line":39,"column":21}},"10":{"start":{"line":40,"column":8},"end":{"line":53,"column":9}},"11":{"start":{"line":43,"column":12},"end":{"line":46,"column":14}},"12":{"start":{"line":47,"column":12},"end":{"line":47,"column":18}},"13":{"start":{"line":50,"column":12},"end":{"line":51,"column":46}},"14":{"start":{"line":52,"column":12},"end":{"line":52,"column":18}},"15":{"start":{"line":55,"column":8},"end":{"line":55,"column":35}},"16":{"start":{"line":61,"column":4},"end":{"line":63,"column":9}},"17":{"start":{"line":62,"column":8},"end":{"line":62,"column":15}},"18":{"start":{"line":64,"column":4},"end":{"line":77,"column":5}},"19":{"start":{"line":70,"column":8},"end":{"line":70,"column":14}},"20":{"start":{"line":76,"column":8},"end":{"line":76,"column":14}},"21":{"start":{"line":82,"column":4},"end":{"line":84,"column":9}},"22":{"start":{"line":83,"column":8},"end":{"line":83,"column":15}},"23":{"start":{"line":85,"column":4},"end":{"line":174,"column":5}},"24":{"start":{"line":92,"column":8},"end":{"line":94,"column":63}},"25":{"start":{"line":95,"column":8},"end":{"line":95,"column":14}},"26":{"start":{"line":102,"column":8},"end":{"line":111,"column":10},"skip":true},"27":{"start":{"line":109,"column":12},"end":{"line":109,"column":55},"skip":true},"28":{"start":{"line":110,"column":12},"end":{"line":110,"column":48},"skip":true},"29":{"start":{"line":113,"column":8},"end":{"line":125,"column":10},"skip":true},"30":{"start":{"line":120,"column":12},"end":{"line":120,"column":76},"skip":true},"31":{"start":{"line":121,"column":12},"end":{"line":121,"column":73},"skip":true},"32":{"start":{"line":122,"column":12},"end":{"line":122,"column":74},"skip":true},"33":{"start":{"line":123,"column":12},"end":{"line":123,"column":25},"skip":true},"34":{"start":{"line":124,"column":12},"end":{"line":124,"column":45},"skip":true},"35":{"start":{"line":127,"column":8},"end":{"line":136,"column":10},"skip":true},"36":{"start":{"line":134,"column":12},"end":{"line":134,"column":25},"skip":true},"37":{"start":{"line":135,"column":12},"end":{"line":135,"column":45},"skip":true},"38":{"start":{"line":138,"column":8},"end":{"line":147,"column":10},"skip":true},"39":{"start":{"line":145,"column":12},"end":{"line":145,"column":25},"skip":true},"40":{"start":{"line":146,"column":12},"end":{"line":146,"column":48},"skip":true},"41":{"start":{"line":149,"column":8},"end":{"line":158,"column":10},"skip":true},"42":{"start":{"line":156,"column":12},"end":{"line":156,"column":25},"skip":true},"43":{"start":{"line":157,"column":12},"end":{"line":157,"column":46},"skip":true},"44":{"start":{"line":160,"column":8},"end":{"line":169,"column":10},"skip":true},"45":{"start":{"line":167,"column":12},"end":{"line":167,"column":94},"skip":true},"46":{"start":{"line":168,"column":12},"end":{"line":168,"column":48},"skip":true},"47":{"start":{"line":172,"column":8},"end":{"line":172,"column":35},"skip":true},"48":{"start":{"line":173,"column":8},"end":{"line":173,"column":14},"skip":true}},"branchMap":{"1":{"line":25,"type":"binary-expr","locations":[{"start":{"line":25,"column":23},"end":{"line":25,"column":62}},{"start":{"line":26,"column":20},"end":{"line":26,"column":70}},{"start":{"line":27,"column":20},"end":{"line":27,"column":71}},{"start":{"line":28,"column":20},"end":{"line":28,"column":29}}]},"2":{"line":30,"type":"binary-expr","locations":[{"start":{"line":30,"column":23},"end":{"line":30,"column":37}},{"start":{"line":31,"column":20},"end":{"line":31,"column":61}},{"start":{"line":32,"column":20},"end":{"line":32,"column":70}},{"start":{"line":33,"column":20},"end":{"line":33,"column":26}}]},"3":{"line":37,"type":"cond-expr","locations":[{"start":{"line":38,"column":14},"end":{"line":38,"column":20}},{"start":{"line":39,"column":14},"end":{"line":39,"column":20}}]},"4":{"line":40,"type":"switch","locations":[{"start":{"line":42,"column":8},"end":{"line":47,"column":18}},{"start":{"line":49,"column":8},"end":{"line":52,"column":18}}]},"5":{"line":44,"type":"binary-expr","locations":[{"start":{"line":44,"column":16},"end":{"line":44,"column":44}},{"start":{"line":44,"column":48},"end":{"line":44,"column":66}}]},"6":{"line":50,"type":"binary-expr","locations":[{"start":{"line":50,"column":21},"end":{"line":50,"column":49}},{"start":{"line":50,"column":53},"end":{"line":50,"column":72}}]},"7":{"line":64,"type":"switch","locations":[{"start":{"line":69,"column":4},"end":{"line":70,"column":14}},{"start":{"line":75,"column":4},"end":{"line":76,"column":14}}]},"8":{"line":85,"type":"switch","locations":[{"start":{"line":90,"column":4},"end":{"line":95,"column":14}},{"start":{"line":101,"column":4},"end":{"line":173,"column":14},"skip":true}]},"9":{"line":92,"type":"binary-expr","locations":[{"start":{"line":92,"column":18},"end":{"line":92,"column":32}},{"start":{"line":93,"column":12},"end":{"line":93,"column":53}},{"start":{"line":94,"column":12},"end":{"line":94,"column":61}}]},"10":{"line":102,"type":"binary-expr","locations":[{"start":{"line":102,"column":45},"end":{"line":102,"column":79},"skip":true},{"start":{"line":102,"column":83},"end":{"line":111,"column":9},"skip":true}]},"11":{"line":113,"type":"binary-expr","locations":[{"start":{"line":113,"column":42},"end":{"line":113,"column":73},"skip":true},{"start":{"line":113,"column":77},"end":{"line":125,"column":9},"skip":true}]},"12":{"line":127,"type":"binary-expr","locations":[{"start":{"line":127,"column":42},"end":{"line":127,"column":73},"skip":true},{"start":{"line":127,"column":77},"end":{"line":136,"column":9},"skip":true}]},"13":{"line":138,"type":"binary-expr","locations":[{"start":{"line":138,"column":45},"end":{"line":138,"column":79},"skip":true},{"start":{"line":138,"column":83},"end":{"line":147,"column":9},"skip":true}]},"14":{"line":149,"type":"binary-expr","locations":[{"start":{"line":149,"column":43},"end":{"line":149,"column":75},"skip":true},{"start":{"line":149,"column":79},"end":{"line":158,"column":9},"skip":true}]},"15":{"line":160,"type":"binary-expr","locations":[{"start":{"line":160,"column":41},"end":{"line":160,"column":71},"skip":true},{"start":{"line":160,"column":75},"end":{"line":169,"column":9},"skip":true}]}},"code":["/* istanbul instrument in package npmtest_jade */","/*jslint","    bitwise: true,","    browser: true,","    maxerr: 8,","    maxlen: 96,","    node: true,","    nomen: true,","    regexp: true,","    stupid: true","*/","(function () {","    'use strict';","    var local;","","","","    // run shared js-env code - pre-init","    (function () {","        // init local","        local = {};","        // init modeJs","        local.modeJs = (function () {","            try {","                return typeof navigator.userAgent === 'string' &&","                    typeof document.querySelector('body') === 'object' &&","                    typeof XMLHttpRequest.prototype.open === 'function' &&","                    'browser';","            } catch (errorCaughtBrowser) {","                return module.exports &&","                    typeof process.versions.node === 'string' &&","                    typeof require('http').createServer === 'function' &&","                    'node';","            }","        }());","        // init global","        local.global = local.modeJs === 'browser'","            ? window","            : global;","        switch (local.modeJs) {","        // re-init local from window.local","        case 'browser':","            local = local.global.utility2.objectSetDefault(","                local.global.utility2_rollup || local.global.local,","                local.global.utility2","            );","            break;","        // re-init local from example.js","        case 'node':","            local = (local.global.utility2_rollup || require('utility2'))","                .requireExampleJsFromReadme();","            break;","        }","        // export local","        local.global.local = local;","    }());","","","","    // run shared js-env code - function","    (function () {","        return;","    }());","    switch (local.modeJs) {","","","","    // run browser js-env code - function","    case 'browser':","        break;","","","","    // run node js-env code - function","    case 'node':","        break;","    }","","","","    // run shared js-env code - post-init","    (function () {","        return;","    }());","    switch (local.modeJs) {","","","","    // run browser js-env code - post-init","    case 'browser':","        // run tests","        local.nop(local.modeTest &&","            document.querySelector('#testRunButton1') &&","            document.querySelector('#testRunButton1').click());","        break;","","","","    // run node js-env code - post-init","    /* istanbul ignore next */","    case 'node':","        local.testCase_buildApidoc_default = local.testCase_buildApidoc_default || function (","            options,","            onError","        ) {","        /*","         * this function will test buildApidoc's default handling-behavior-behavior","         */","            options = { modulePathList: module.paths };","            local.buildApidoc(options, onError);","        };","","        local.testCase_buildApp_default = local.testCase_buildApp_default || function (","            options,","            onError","        ) {","        /*","         * this function will test buildApp's default handling-behavior-behavior","         */","            local.testCase_buildReadme_default(options, local.onErrorThrow);","            local.testCase_buildLib_default(options, local.onErrorThrow);","            local.testCase_buildTest_default(options, local.onErrorThrow);","            options = [];","            local.buildApp(options, onError);","        };","","        local.testCase_buildLib_default = local.testCase_buildLib_default || function (","            options,","            onError","        ) {","        /*","         * this function will test buildLib's default handling-behavior","         */","            options = {};","            local.buildLib(options, onError);","        };","","        local.testCase_buildReadme_default = local.testCase_buildReadme_default || function (","            options,","            onError","        ) {","        /*","         * this function will test buildReadme's default handling-behavior-behavior","         */","            options = {};","            local.buildReadme(options, onError);","        };","","        local.testCase_buildTest_default = local.testCase_buildTest_default || function (","            options,","            onError","        ) {","        /*","         * this function will test buildTest's default handling-behavior","         */","            options = {};","            local.buildTest(options, onError);","        };","","        local.testCase_webpage_default = local.testCase_webpage_default || function (","            options,","            onError","        ) {","        /*","         * this function will test webpage's default handling-behavior","         */","            options = { modeCoverageMerge: true, url: local.serverLocalHost + '?modeTest=1' };","            local.browserTest(options, onError);","        };","","        // run test-server","        local.testRunServer(local);","        break;","    }","}());",""],"l":{"12":2,"14":2,"19":2,"21":2,"23":2,"24":2,"25":2,"30":1,"37":2,"40":2,"43":1,"47":1,"50":1,"52":1,"55":2,"61":2,"62":2,"64":2,"70":1,"76":1,"82":2,"83":2,"85":2,"92":1,"95":1,"102":1,"109":1,"110":1,"113":1,"120":1,"121":1,"122":1,"123":1,"124":1,"127":1,"134":2,"135":2,"138":1,"145":2,"146":2,"149":1,"156":2,"157":2,"160":1,"167":1,"168":1,"172":1,"173":1}},"/home/travis/build/npmtest/node-npmtest-jade/lib.npmtest_jade.js":{"path":"/home/travis/build/npmtest/node-npmtest-jade/lib.npmtest_jade.js","s":{"1":2,"2":2,"3":2,"4":2,"5":2,"6":2,"7":2,"8":1,"9":2,"10":2,"11":2,"12":2,"13":1,"14":1,"15":1,"16":1},"b":{"1":[2,1,1,1],"2":[1,1,1,1],"3":[1,1],"4":[2,2],"5":[1,1]},"f":{"1":2,"2":2,"3":2},"fnMap":{"1":{"name":"(anonymous_1)","line":12,"loc":{"start":{"line":12,"column":1},"end":{"line":12,"column":13}}},"2":{"name":"(anonymous_2)","line":19,"loc":{"start":{"line":19,"column":5},"end":{"line":19,"column":17}}},"3":{"name":"(anonymous_3)","line":23,"loc":{"start":{"line":23,"column":24},"end":{"line":23,"column":36}}}},"statementMap":{"1":{"start":{"line":12,"column":0},"end":{"line":53,"column":5}},"2":{"start":{"line":14,"column":4},"end":{"line":14,"column":14}},"3":{"start":{"line":19,"column":4},"end":{"line":52,"column":9}},"4":{"start":{"line":21,"column":8},"end":{"line":21,"column":19}},"5":{"start":{"line":23,"column":8},"end":{"line":35,"column":13}},"6":{"start":{"line":24,"column":12},"end":{"line":34,"column":13}},"7":{"start":{"line":25,"column":16},"end":{"line":28,"column":30}},"8":{"start":{"line":30,"column":16},"end":{"line":33,"column":27}},"9":{"start":{"line":37,"column":8},"end":{"line":39,"column":21}},"10":{"start":{"line":41,"column":8},"end":{"line":41,"column":54}},"11":{"start":{"line":43,"column":8},"end":{"line":43,"column":49}},"12":{"start":{"line":45,"column":8},"end":{"line":51,"column":9}},"13":{"start":{"line":46,"column":12},"end":{"line":46,"column":55}},"14":{"start":{"line":48,"column":12},"end":{"line":48,"column":35}},"15":{"start":{"line":49,"column":12},"end":{"line":49,"column":49}},"16":{"start":{"line":50,"column":12},"end":{"line":50,"column":43}}},"branchMap":{"1":{"line":25,"type":"binary-expr","locations":[{"start":{"line":25,"column":23},"end":{"line":25,"column":62}},{"start":{"line":26,"column":20},"end":{"line":26,"column":70}},{"start":{"line":27,"column":20},"end":{"line":27,"column":71}},{"start":{"line":28,"column":20},"end":{"line":28,"column":29}}]},"2":{"line":30,"type":"binary-expr","locations":[{"start":{"line":30,"column":23},"end":{"line":30,"column":37}},{"start":{"line":31,"column":20},"end":{"line":31,"column":61}},{"start":{"line":32,"column":20},"end":{"line":32,"column":70}},{"start":{"line":33,"column":20},"end":{"line":33,"column":26}}]},"3":{"line":37,"type":"cond-expr","locations":[{"start":{"line":38,"column":14},"end":{"line":38,"column":20}},{"start":{"line":39,"column":14},"end":{"line":39,"column":20}}]},"4":{"line":41,"type":"binary-expr","locations":[{"start":{"line":41,"column":16},"end":{"line":41,"column":44}},{"start":{"line":41,"column":48},"end":{"line":41,"column":53}}]},"5":{"line":45,"type":"if","locations":[{"start":{"line":45,"column":8},"end":{"line":45,"column":8}},{"start":{"line":45,"column":8},"end":{"line":45,"column":8}}]}},"code":["/* istanbul instrument in package npmtest_jade */","/*jslint","    bitwise: true,","    browser: true,","    maxerr: 8,","    maxlen: 96,","    node: true,","    nomen: true,","    regexp: true,","    stupid: true","*/","(function () {","    'use strict';","    var local;","","","","    // run shared js-env code - pre-init","    (function () {","        // init local","        local = {};","        // init modeJs","        local.modeJs = (function () {","            try {","                return typeof navigator.userAgent === 'string' &&","                    typeof document.querySelector('body') === 'object' &&","                    typeof XMLHttpRequest.prototype.open === 'function' &&","                    'browser';","            } catch (errorCaughtBrowser) {","                return module.exports &&","                    typeof process.versions.node === 'string' &&","                    typeof require('http').createServer === 'function' &&","                    'node';","            }","        }());","        // init global","        local.global = local.modeJs === 'browser'","            ? window","            : global;","        // init utility2_rollup","        local = local.global.utility2_rollup || local;","        // init lib","        local.local = local.npmtest_jade = local;","        // init exports","        if (local.modeJs === 'browser') {","            local.global.utility2_npmtest_jade = local;","        } else {","            module.exports = local;","            module.exports.__dirname = __dirname;","            module.exports.module = module;","        }","    }());","}());",""],"l":{"12":2,"14":2,"19":2,"21":2,"23":2,"24":2,"25":2,"30":1,"37":2,"41":2,"43":2,"45":2,"46":1,"48":1,"49":1,"50":1}},"/home/travis/build/npmtest/node-npmtest-jade/example.js":{"path":"/home/travis/build/npmtest/node-npmtest-jade/example.js","s":{"1":2,"2":2,"3":2,"4":2,"5":2,"6":2,"7":2,"8":1,"9":2,"10":2,"11":2,"12":2,"13":1,"14":2,"15":2,"16":2,"17":2,"18":2,"19":0,"20":2,"21":1,"22":1,"23":1,"24":1,"25":1,"26":0,"27":0,"28":1,"29":1,"30":2,"31":0,"32":0,"33":0,"34":1,"35":2,"36":2,"37":2,"38":2,"39":2,"40":2,"41":0,"42":2,"43":2,"44":2,"45":1,"46":3,"47":1,"48":1,"49":1,"50":1,"51":1,"52":1,"53":1,"54":1,"55":1,"56":1,"57":0,"58":1,"59":6,"60":6,"61":1,"62":2,"63":0,"64":2,"65":1,"66":1,"67":0,"68":0,"69":0,"70":0,"71":0,"72":0,"73":0,"74":0,"75":0,"76":0,"77":0,"78":0,"79":0,"80":0,"81":0,"82":0,"83":0},"b":{"1":[2,1,1,1],"2":[1,1,1,1],"3":[1,1],"4":[2,2],"5":[1,1],"6":[1,1],"7":[2,0],"8":[2,1,1,1,1,1],"9":[0,2,0],"10":[1,1],"11":[2,1,1],"12":[1,0],"13":[0,2],"14":[2,0,0,0,0,0,0],"15":[0,2],"16":[2,0],"17":[1,1],"18":[0,1],"19":[1,2,0,2],"20":[1,0],"21":[1,1],"22":[0,0],"23":[0,0],"24":[0,0],"25":[0,0],"26":[0,0],"27":[0,0],"28":[0,0]},"f":{"1":2,"2":2,"3":2,"4":2,"5":2,"6":2,"7":2,"8":2,"9":3,"10":1,"11":6,"12":0},"fnMap":{"1":{"name":"(anonymous_1)","line":26,"loc":{"start":{"line":26,"column":1},"end":{"line":26,"column":13}}},"2":{"name":"(anonymous_2)","line":33,"loc":{"start":{"line":33,"column":5},"end":{"line":33,"column":17}}},"3":{"name":"(anonymous_3)","line":37,"loc":{"start":{"line":37,"column":24},"end":{"line":37,"column":36}}},"4":{"name":"(anonymous_4)","line":69,"loc":{"start":{"line":69,"column":31},"end":{"line":69,"column":48}},"skip":true},"5":{"name":"(anonymous_5)","line":78,"loc":{"start":{"line":78,"column":26},"end":{"line":78,"column":45}},"skip":true},"6":{"name":"(anonymous_6)","line":123,"loc":{"start":{"line":123,"column":33},"end":{"line":123,"column":48}},"skip":true},"7":{"name":"(anonymous_7)","line":125,"loc":{"start":{"line":125,"column":27},"end":{"line":125,"column":39}},"skip":true},"8":{"name":"(anonymous_8)","line":133,"loc":{"start":{"line":133,"column":59},"end":{"line":133,"column":74}},"skip":true},"9":{"name":"(anonymous_9)","line":143,"loc":{"start":{"line":143,"column":45},"end":{"line":143,"column":62}},"skip":true},"10":{"name":"(anonymous_10)","line":144,"loc":{"start":{"line":144,"column":73},"end":{"line":144,"column":92}},"skip":true},"11":{"name":"(anonymous_11)","line":272,"loc":{"start":{"line":272,"column":51},"end":{"line":272,"column":77}},"skip":true},"12":{"name":"(anonymous_12)","line":314,"loc":{"start":{"line":314,"column":32},"end":{"line":314,"column":61}},"skip":true}},"statementMap":{"1":{"start":{"line":26,"column":0},"end":{"line":325,"column":5}},"2":{"start":{"line":28,"column":4},"end":{"line":28,"column":14}},"3":{"start":{"line":33,"column":4},"end":{"line":60,"column":9}},"4":{"start":{"line":35,"column":8},"end":{"line":35,"column":19}},"5":{"start":{"line":37,"column":8},"end":{"line":49,"column":13}},"6":{"start":{"line":38,"column":12},"end":{"line":48,"column":13}},"7":{"start":{"line":39,"column":16},"end":{"line":42,"column":30}},"8":{"start":{"line":44,"column":16},"end":{"line":47,"column":27}},"9":{"start":{"line":51,"column":8},"end":{"line":53,"column":21}},"10":{"start":{"line":55,"column":8},"end":{"line":57,"column":45}},"11":{"start":{"line":59,"column":8},"end":{"line":59,"column":35}},"12":{"start":{"line":61,"column":4},"end":{"line":324,"column":5}},"13":{"start":{"line":69,"column":8},"end":{"line":121,"column":10},"skip":true},"14":{"start":{"line":70,"column":12},"end":{"line":88,"column":13},"skip":true},"15":{"start":{"line":76,"column":16},"end":{"line":87,"column":19},"skip":true},"16":{"start":{"line":79,"column":20},"end":{"line":86,"column":21},"skip":true},"17":{"start":{"line":82,"column":24},"end":{"line":82,"column":43},"skip":true},"18":{"start":{"line":83,"column":24},"end":{"line":83,"column":30},"skip":true},"19":{"start":{"line":85,"column":24},"end":{"line":85,"column":49},"skip":true},"20":{"start":{"line":89,"column":12},"end":{"line":107,"column":13},"skip":true},"21":{"start":{"line":92,"column":16},"end":{"line":102,"column":17},"skip":true},"22":{"start":{"line":93,"column":20},"end":{"line":93,"column":86},"skip":true},"23":{"start":{"line":94,"column":20},"end":{"line":95,"column":45},"skip":true},"24":{"start":{"line":96,"column":20},"end":{"line":96,"column":42},"skip":true},"25":{"start":{"line":97,"column":20},"end":{"line":97,"column":48},"skip":true},"26":{"start":{"line":100,"column":20},"end":{"line":100,"column":85},"skip":true},"27":{"start":{"line":101,"column":20},"end":{"line":101,"column":96},"skip":true},"28":{"start":{"line":103,"column":16},"end":{"line":103,"column":22},"skip":true},"29":{"start":{"line":106,"column":16},"end":{"line":106,"column":22},"skip":true},"30":{"start":{"line":108,"column":12},"end":{"line":120,"column":13},"skip":true},"31":{"start":{"line":114,"column":16},"end":{"line":119,"column":17},"skip":true},"32":{"start":{"line":116,"column":20},"end":{"line":116,"column":78},"skip":true},"33":{"start":{"line":118,"column":20},"end":{"line":118,"column":53},"skip":true},"34":{"start":{"line":123,"column":8},"end":{"line":141,"column":11},"skip":true},"35":{"start":{"line":124,"column":12},"end":{"line":124,"column":54},"skip":true},"36":{"start":{"line":125,"column":12},"end":{"line":140,"column":14},"skip":true},"37":{"start":{"line":126,"column":16},"end":{"line":126,"column":28},"skip":true},"38":{"start":{"line":127,"column":16},"end":{"line":127,"column":69},"skip":true},"39":{"start":{"line":128,"column":16},"end":{"line":128,"column":75},"skip":true},"40":{"start":{"line":129,"column":16},"end":{"line":131,"column":17},"skip":true},"41":{"start":{"line":130,"column":20},"end":{"line":130,"column":27},"skip":true},"42":{"start":{"line":133,"column":16},"end":{"line":137,"column":36},"skip":true},"43":{"start":{"line":134,"column":20},"end":{"line":136,"column":55},"skip":true},"44":{"start":{"line":139,"column":16},"end":{"line":139,"column":57},"skip":true},"45":{"start":{"line":143,"column":8},"end":{"line":147,"column":11},"skip":true},"46":{"start":{"line":144,"column":12},"end":{"line":146,"column":15},"skip":true},"47":{"start":{"line":145,"column":16},"end":{"line":145,"column":70},"skip":true},"48":{"start":{"line":149,"column":8},"end":{"line":149,"column":31},"skip":true},"49":{"start":{"line":150,"column":8},"end":{"line":150,"column":14},"skip":true},"50":{"start":{"line":158,"column":8},"end":{"line":158,"column":31},"skip":true},"51":{"start":{"line":160,"column":8},"end":{"line":160,"column":33},"skip":true},"52":{"start":{"line":161,"column":8},"end":{"line":161,"column":37},"skip":true},"53":{"start":{"line":162,"column":8},"end":{"line":162,"column":35},"skip":true},"54":{"start":{"line":164,"column":8},"end":{"line":164,"column":50},"skip":true},"55":{"start":{"line":166,"column":8},"end":{"line":256,"column":2},"skip":true},"56":{"start":{"line":258,"column":8},"end":{"line":286,"column":9},"skip":true},"57":{"start":{"line":259,"column":12},"end":{"line":269,"column":14},"skip":true},"58":{"start":{"line":271,"column":12},"end":{"line":285,"column":19},"skip":true},"59":{"start":{"line":274,"column":20},"end":{"line":274,"column":35},"skip":true},"60":{"start":{"line":275,"column":20},"end":{"line":284,"column":21},"skip":true},"61":{"start":{"line":277,"column":24},"end":{"line":277,"column":64},"skip":true},"62":{"start":{"line":279,"column":24},"end":{"line":279,"column":40},"skip":true},"63":{"start":{"line":281,"column":24},"end":{"line":281,"column":40},"skip":true},"64":{"start":{"line":283,"column":24},"end":{"line":283,"column":39},"skip":true},"65":{"start":{"line":288,"column":8},"end":{"line":290,"column":9},"skip":true},"66":{"start":{"line":289,"column":12},"end":{"line":289,"column":18},"skip":true},"67":{"start":{"line":291,"column":8},"end":{"line":293,"column":54},"skip":true},"68":{"start":{"line":294,"column":8},"end":{"line":301,"column":37},"skip":true},"69":{"start":{"line":302,"column":8},"end":{"line":302,"column":82},"skip":true},"70":{"start":{"line":305,"column":8},"end":{"line":307,"column":9},"skip":true},"71":{"start":{"line":306,"column":12},"end":{"line":306,"column":82},"skip":true},"72":{"start":{"line":309,"column":8},"end":{"line":311,"column":9},"skip":true},"73":{"start":{"line":310,"column":12},"end":{"line":310,"column":18},"skip":true},"74":{"start":{"line":312,"column":8},"end":{"line":312,"column":54},"skip":true},"75":{"start":{"line":313,"column":8},"end":{"line":313,"column":69},"skip":true},"76":{"start":{"line":314,"column":8},"end":{"line":322,"column":36},"skip":true},"77":{"start":{"line":315,"column":12},"end":{"line":315,"column":61},"skip":true},"78":{"start":{"line":316,"column":12},"end":{"line":319,"column":13},"skip":true},"79":{"start":{"line":317,"column":16},"end":{"line":317,"column":75},"skip":true},"80":{"start":{"line":318,"column":16},"end":{"line":318,"column":23},"skip":true},"81":{"start":{"line":320,"column":12},"end":{"line":320,"column":38},"skip":true},"82":{"start":{"line":321,"column":12},"end":{"line":321,"column":27},"skip":true},"83":{"start":{"line":323,"column":8},"end":{"line":323,"column":14},"skip":true}},"branchMap":{"1":{"line":39,"type":"binary-expr","locations":[{"start":{"line":39,"column":23},"end":{"line":39,"column":62}},{"start":{"line":40,"column":20},"end":{"line":40,"column":70}},{"start":{"line":41,"column":20},"end":{"line":41,"column":71}},{"start":{"line":42,"column":20},"end":{"line":42,"column":29}}]},"2":{"line":44,"type":"binary-expr","locations":[{"start":{"line":44,"column":23},"end":{"line":44,"column":37}},{"start":{"line":45,"column":20},"end":{"line":45,"column":61}},{"start":{"line":46,"column":20},"end":{"line":46,"column":70}},{"start":{"line":47,"column":20},"end":{"line":47,"column":26}}]},"3":{"line":51,"type":"cond-expr","locations":[{"start":{"line":52,"column":14},"end":{"line":52,"column":20}},{"start":{"line":53,"column":14},"end":{"line":53,"column":20}}]},"4":{"line":55,"type":"binary-expr","locations":[{"start":{"line":55,"column":16},"end":{"line":55,"column":44}},{"start":{"line":55,"column":49},"end":{"line":57,"column":43}}]},"5":{"line":55,"type":"cond-expr","locations":[{"start":{"line":56,"column":14},"end":{"line":56,"column":48}},{"start":{"line":57,"column":14},"end":{"line":57,"column":43}}]},"6":{"line":61,"type":"switch","locations":[{"start":{"line":68,"column":4},"end":{"line":150,"column":14},"skip":true},{"start":{"line":156,"column":4},"end":{"line":323,"column":14},"skip":true}]},"7":{"line":70,"type":"if","locations":[{"start":{"line":70,"column":12},"end":{"line":70,"column":12},"skip":true},{"start":{"line":70,"column":12},"end":{"line":70,"column":12},"skip":true}]},"8":{"line":70,"type":"binary-expr","locations":[{"start":{"line":70,"column":16},"end":{"line":70,"column":22},"skip":true},{"start":{"line":70,"column":27},"end":{"line":70,"column":32},"skip":true},{"start":{"line":71,"column":20},"end":{"line":71,"column":39},"skip":true},{"start":{"line":72,"column":20},"end":{"line":72,"column":49},"skip":true},{"start":{"line":73,"column":20},"end":{"line":73,"column":58},"skip":true},{"start":{"line":74,"column":20},"end":{"line":74,"column":69},"skip":true}]},"9":{"line":79,"type":"switch","locations":[{"start":{"line":80,"column":20},"end":{"line":80,"column":33},"skip":true},{"start":{"line":81,"column":20},"end":{"line":83,"column":30},"skip":true},{"start":{"line":84,"column":20},"end":{"line":85,"column":49},"skip":true}]},"10":{"line":89,"type":"switch","locations":[{"start":{"line":90,"column":12},"end":{"line":103,"column":22},"skip":true},{"start":{"line":105,"column":12},"end":{"line":106,"column":22},"skip":true}]},"11":{"line":89,"type":"binary-expr","locations":[{"start":{"line":89,"column":20},"end":{"line":89,"column":25},"skip":true},{"start":{"line":89,"column":29},"end":{"line":89,"column":48},"skip":true},{"start":{"line":89,"column":52},"end":{"line":89,"column":74},"skip":true}]},"12":{"line":92,"type":"if","locations":[{"start":{"line":92,"column":16},"end":{"line":92,"column":16},"skip":true},{"start":{"line":92,"column":16},"end":{"line":92,"column":16},"skip":true}]},"13":{"line":108,"type":"if","locations":[{"start":{"line":108,"column":12},"end":{"line":108,"column":12},"skip":true},{"start":{"line":108,"column":12},"end":{"line":108,"column":12},"skip":true}]},"14":{"line":108,"type":"binary-expr","locations":[{"start":{"line":108,"column":16},"end":{"line":108,"column":61},"skip":true},{"start":{"line":108,"column":66},"end":{"line":108,"column":72},"skip":true},{"start":{"line":108,"column":77},"end":{"line":108,"column":82},"skip":true},{"start":{"line":109,"column":20},"end":{"line":109,"column":39},"skip":true},{"start":{"line":110,"column":20},"end":{"line":110,"column":49},"skip":true},{"start":{"line":111,"column":20},"end":{"line":111,"column":58},"skip":true},{"start":{"line":112,"column":20},"end":{"line":112,"column":68},"skip":true}]},"15":{"line":129,"type":"if","locations":[{"start":{"line":129,"column":16},"end":{"line":129,"column":16},"skip":true},{"start":{"line":129,"column":16},"end":{"line":129,"column":16},"skip":true}]},"16":{"line":134,"type":"cond-expr","locations":[{"start":{"line":135,"column":26},"end":{"line":135,"column":29},"skip":true},{"start":{"line":136,"column":26},"end":{"line":136,"column":54},"skip":true}]},"17":{"line":164,"type":"binary-expr","locations":[{"start":{"line":164,"column":27},"end":{"line":164,"column":43},"skip":true},{"start":{"line":164,"column":47},"end":{"line":164,"column":49},"skip":true}]},"18":{"line":258,"type":"if","locations":[{"start":{"line":258,"column":8},"end":{"line":258,"column":8},"skip":true},{"start":{"line":258,"column":8},"end":{"line":258,"column":8},"skip":true}]},"19":{"line":275,"type":"switch","locations":[{"start":{"line":276,"column":20},"end":{"line":277,"column":64},"skip":true},{"start":{"line":278,"column":20},"end":{"line":279,"column":40},"skip":true},{"start":{"line":280,"column":20},"end":{"line":281,"column":40},"skip":true},{"start":{"line":282,"column":20},"end":{"line":283,"column":39},"skip":true}]},"20":{"line":288,"type":"if","locations":[{"start":{"line":288,"column":8},"end":{"line":288,"column":8},"skip":true},{"start":{"line":288,"column":8},"end":{"line":288,"column":8},"skip":true}]},"21":{"line":288,"type":"binary-expr","locations":[{"start":{"line":288,"column":12},"end":{"line":288,"column":40},"skip":true},{"start":{"line":288,"column":44},"end":{"line":288,"column":67},"skip":true}]},"22":{"line":292,"type":"binary-expr","locations":[{"start":{"line":292,"column":12},"end":{"line":292,"column":50},"skip":true},{"start":{"line":293,"column":12},"end":{"line":293,"column":53},"skip":true}]},"23":{"line":295,"type":"binary-expr","locations":[{"start":{"line":295,"column":12},"end":{"line":295,"column":62},"skip":true},{"start":{"line":296,"column":12},"end":{"line":301,"column":36},"skip":true}]},"24":{"line":302,"type":"binary-expr","locations":[{"start":{"line":302,"column":43},"end":{"line":302,"column":75},"skip":true},{"start":{"line":302,"column":79},"end":{"line":302,"column":81},"skip":true}]},"25":{"line":305,"type":"if","locations":[{"start":{"line":305,"column":8},"end":{"line":305,"column":8},"skip":true},{"start":{"line":305,"column":8},"end":{"line":305,"column":8},"skip":true}]},"26":{"line":309,"type":"if","locations":[{"start":{"line":309,"column":8},"end":{"line":309,"column":8},"skip":true},{"start":{"line":309,"column":8},"end":{"line":309,"column":8},"skip":true}]},"27":{"line":312,"type":"binary-expr","locations":[{"start":{"line":312,"column":27},"end":{"line":312,"column":43},"skip":true},{"start":{"line":312,"column":47},"end":{"line":312,"column":53},"skip":true}]},"28":{"line":316,"type":"if","locations":[{"start":{"line":316,"column":12},"end":{"line":316,"column":12},"skip":true},{"start":{"line":316,"column":12},"end":{"line":316,"column":12},"skip":true}]}},"code":["/*","example.js","","quickstart example","","instruction","    1. save this script as example.js","    2. run the shell command:","        $ npm install npmtest-jade && PORT=8081 node example.js","    3. play with the browser-demo on http://127.0.0.1:8081","*/","","","","/* istanbul instrument in package npmtest_jade */","/*jslint","    bitwise: true,","    browser: true,","    maxerr: 8,","    maxlen: 96,","    node: true,","    nomen: true,","    regexp: true,","    stupid: true","*/","(function () {","    'use strict';","    var local;","","","","    // run shared js-env code - pre-init","    (function () {","        // init local","        local = {};","        // init modeJs","        local.modeJs = (function () {","            try {","                return typeof navigator.userAgent === 'string' &&","                    typeof document.querySelector('body') === 'object' &&","                    typeof XMLHttpRequest.prototype.open === 'function' &&","                    'browser';","            } catch (errorCaughtBrowser) {","                return module.exports &&","                    typeof process.versions.node === 'string' &&","                    typeof require('http').createServer === 'function' &&","                    'node';","            }","        }());","        // init global","        local.global = local.modeJs === 'browser'","            ? window","            : global;","        // init utility2_rollup","        local = local.global.utility2_rollup || (local.modeJs === 'browser'","            ? local.global.utility2_npmtest_jade","            : global.utility2_moduleExports);","        // export local","        local.global.local = local;","    }());","    switch (local.modeJs) {","","","","    // post-init","    // run browser js-env code - post-init","    /* istanbul ignore next */","    case 'browser':","        local.testRunBrowser = function (event) {","            if (!event || (event &&","                    event.currentTarget &&","                    event.currentTarget.className &&","                    event.currentTarget.className.includes &&","                    event.currentTarget.className.includes('onreset'))) {","                // reset output","                Array.from(","                    document.querySelectorAll('body > .resettable')","                ).forEach(function (element) {","                    switch (element.tagName) {","                    case 'INPUT':","                    case 'TEXTAREA':","                        element.value = '';","                        break;","                    default:","                        element.textContent = '';","                    }","                });","            }","            switch (event && event.currentTarget && event.currentTarget.id) {","            case 'testRunButton1':","                // show tests","                if (document.querySelector('#testReportDiv1').style.display === 'none') {","                    document.querySelector('#testReportDiv1').style.display = 'block';","                    document.querySelector('#testRunButton1').textContent =","                        'hide internal test';","                    local.modeTest = true;","                    local.testRunDefault(local);","                // hide tests","                } else {","                    document.querySelector('#testReportDiv1').style.display = 'none';","                    document.querySelector('#testRunButton1').textContent = 'run internal test';","                }","                break;","            // custom-case","            default:","                break;","            }","            if (document.querySelector('#inputTextareaEval1') && (!event || (event &&","                    event.currentTarget &&","                    event.currentTarget.className &&","                    event.currentTarget.className.includes &&","                    event.currentTarget.className.includes('oneval')))) {","                // try to eval input-code","                try {","                    /*jslint evil: true*/","                    eval(document.querySelector('#inputTextareaEval1').value);","                } catch (errorCaught) {","                    console.error(errorCaught.stack);","                }","            }","        };","        // log stderr and stdout to #outputTextareaStdout1","        ['error', 'log'].forEach(function (key) {","            console[key + '_original'] = console[key];","            console[key] = function () {","                var element;","                console[key + '_original'].apply(console, arguments);","                element = document.querySelector('#outputTextareaStdout1');","                if (!element) {","                    return;","                }","                // append text to #outputTextareaStdout1","                element.value += Array.from(arguments).map(function (arg) {","                    return typeof arg === 'string'","                        ? arg","                        : JSON.stringify(arg, null, 4);","                }).join(' ') + '\\n';","                // scroll textarea to bottom","                element.scrollTop = element.scrollHeight;","            };","        });","        // init event-handling","        ['change', 'click', 'keyup'].forEach(function (event) {","            Array.from(document.querySelectorAll('.on' + event)).forEach(function (element) {","                element.addEventListener(event, local.testRunBrowser);","            });","        });","        // run tests","        local.testRunBrowser();","        break;","","","","    // run node js-env code - post-init","    /* istanbul ignore next */","    case 'node':","        // export local","        module.exports = local;","        // require modules","        local.fs = require('fs');","        local.http = require('http');","        local.url = require('url');","        // init assets","        local.assetsDict = local.assetsDict || {};","        /* jslint-ignore-begin */","        local.assetsDict['/assets.index.template.html'] = '\\","<!doctype html>\\n\\","<html lang=\"en\">\\n\\","<head>\\n\\","<meta charset=\"UTF-8\">\\n\\","<meta name=\"viewport\" content=\"width=device-width, initial-scale=1\">\\n\\","<title>{{env.npm_package_name}} (v{{env.npm_package_version}})</title>\\n\\","<style>\\n\\","/*csslint\\n\\","    box-sizing: false,\\n\\","    universal-selector: false\\n\\","*/\\n\\","* {\\n\\","    box-sizing: border-box;\\n\\","}\\n\\","body {\\n\\","    background: #dde;\\n\\","    font-family: Arial, Helvetica, sans-serif;\\n\\","    margin: 2rem;\\n\\","}\\n\\","body > * {\\n\\","    margin-bottom: 1rem;\\n\\","}\\n\\",".utility2FooterDiv {\\n\\","    margin-top: 20px;\\n\\","    text-align: center;\\n\\","}\\n\\","</style>\\n\\","<style>\\n\\","/*csslint\\n\\","*/\\n\\","textarea {\\n\\","    font-family: monospace;\\n\\","    height: 10rem;\\n\\","    width: 100%;\\n\\","}\\n\\","textarea[readonly] {\\n\\","    background: #ddd;\\n\\","}\\n\\","</style>\\n\\","</head>\\n\\","<body>\\n\\","<!-- utility2-comment\\n\\","<div id=\"ajaxProgressDiv1\" style=\"background: #d00; height: 2px; left: 0; margin: 0; padding: 0; position: fixed; top: 0; transition: background 0.5s, width 1.5s; width: 25%;\"></div>\\n\\","utility2-comment -->\\n\\","<h1>\\n\\","<!-- utility2-comment\\n\\","    <a\\n\\","        {{#if env.npm_package_homepage}}\\n\\","        href=\"{{env.npm_package_homepage}}\"\\n\\","        {{/if env.npm_package_homepage}}\\n\\","        target=\"_blank\"\\n\\","    >\\n\\","utility2-comment -->\\n\\","        {{env.npm_package_name}} (v{{env.npm_package_version}})\\n\\","<!-- utility2-comment\\n\\","    </a>\\n\\","utility2-comment -->\\n\\","</h1>\\n\\","<h3>{{env.npm_package_description}}</h3>\\n\\","<!-- utility2-comment\\n\\","<h4><a download href=\"assets.app.js\">download standalone app</a></h4>\\n\\","<button class=\"onclick onreset\" id=\"testRunButton1\">run internal test</button><br>\\n\\","<div id=\"testReportDiv1\" style=\"display: none;\"></div>\\n\\","utility2-comment -->\\n\\","\\n\\","\\n\\","\\n\\","<label>stderr and stdout</label>\\n\\","<textarea class=\"resettable\" id=\"outputTextareaStdout1\" readonly></textarea>\\n\\","<!-- utility2-comment\\n\\","{{#if isRollup}}\\n\\","<script src=\"assets.app.js\"></script>\\n\\","{{#unless isRollup}}\\n\\","utility2-comment -->\\n\\","<script src=\"assets.utility2.rollup.js\"></script>\\n\\","<script src=\"jsonp.utility2._stateInit?callback=window.utility2._stateInit\"></script>\\n\\","<script src=\"assets.npmtest_jade.rollup.js\"></script>\\n\\","<script src=\"assets.example.js\"></script>\\n\\","<script src=\"assets.test.js\"></script>\\n\\","<!-- utility2-comment\\n\\","{{/if isRollup}}\\n\\","utility2-comment -->\\n\\","<div class=\"utility2FooterDiv\">\\n\\","    [ this app was created with\\n\\","    <a href=\"https://github.com/kaizhu256/node-utility2\" target=\"_blank\">utility2</a>\\n\\","    ]\\n\\","</div>\\n\\","</body>\\n\\","</html>\\n\\","';","        /* jslint-ignore-end */","        if (local.templateRender) {","            local.assetsDict['/'] = local.templateRender(","                local.assetsDict['/assets.index.template.html'],","                {","                    env: local.objectSetDefault(local.env, {","                        npm_package_description: 'the greatest app in the world!',","                        npm_package_name: 'my-app',","                        npm_package_nameAlias: 'my_app',","                        npm_package_version: '0.0.1'","                    })","                }","            );","        } else {","            local.assetsDict['/'] = local.assetsDict['/assets.index.template.html']","                .replace((/\\{\\{env\\.(\\w+?)\\}\\}/g), function (match0, match1) {","                    // jslint-hack","                    String(match0);","                    switch (match1) {","                    case 'npm_package_description':","                        return 'the greatest app in the world!';","                    case 'npm_package_name':","                        return 'my-app';","                    case 'npm_package_nameAlias':","                        return 'my_app';","                    case 'npm_package_version':","                        return '0.0.1';","                    }","                });","        }","        // run the cli","        if (local.global.utility2_rollup || module !== require.main) {","            break;","        }","        local.assetsDict['/assets.example.js'] =","            local.assetsDict['/assets.example.js'] ||","            local.fs.readFileSync(__filename, 'utf8');","        local.assetsDict['/assets.npmtest_jade.rollup.js'] =","            local.assetsDict['/assets.npmtest_jade.rollup.js'] ||","            local.fs.readFileSync(","                // buildCustomOrg-hack","                local.npmtest_jade.__dirname +","                    '/lib.npmtest_jade.js',","                'utf8'","            ).replace((/^#!/), '//');","        local.assetsDict['/favicon.ico'] = local.assetsDict['/favicon.ico'] || '';","        // if $npm_config_timeout_exit exists,","        // then exit this process after $npm_config_timeout_exit ms","        if (Number(process.env.npm_config_timeout_exit)) {","            setTimeout(process.exit, Number(process.env.npm_config_timeout_exit));","        }","        // start server","        if (local.global.utility2_serverHttp1) {","            break;","        }","        process.env.PORT = process.env.PORT || '8081';","        console.error('server starting on port ' + process.env.PORT);","        local.http.createServer(function (request, response) {","            request.urlParsed = local.url.parse(request.url);","            if (local.assetsDict[request.urlParsed.pathname] !== undefined) {","                response.end(local.assetsDict[request.urlParsed.pathname]);","                return;","            }","            response.statusCode = 404;","            response.end();","        }).listen(process.env.PORT);","        break;","    }","}());",""],"l":{"26":2,"28":2,"33":2,"35":2,"37":2,"38":2,"39":2,"44":1,"51":2,"55":2,"59":2,"61":2,"69":1,"70":2,"76":2,"79":2,"82":2,"83":2,"85":1,"89":2,"92":1,"93":1,"94":1,"96":1,"97":1,"100":1,"101":1,"103":1,"106":1,"108":2,"114":1,"116":1,"118":1,"123":1,"124":2,"125":2,"126":2,"127":2,"128":2,"129":2,"130":1,"133":2,"134":2,"139":2,"143":1,"144":3,"145":1,"149":1,"150":1,"158":1,"160":1,"161":1,"162":1,"164":1,"166":1,"258":1,"259":1,"271":1,"274":6,"275":6,"277":1,"279":2,"281":1,"283":2,"288":1,"289":1,"291":1,"294":1,"302":1,"305":1,"306":1,"309":1,"310":1,"312":1,"313":1,"314":1,"315":1,"316":1,"317":1,"318":1,"320":1,"321":1,"323":1}},"/home/travis/build/npmtest/node-npmtest-jade/jade/lib/index.js":{"path":"/home/travis/build/npmtest/node-npmtest-jade/jade/lib/index.js","s":{"1":1,"2":1,"3":1,"4":1,"5":1,"6":1,"7":1,"8":1,"9":1,"10":1,"11":1,"12":1,"13":0,"14":0,"15":0,"16":0,"17":0,"18":0,"19":0,"20":0,"21":0,"22":0,"23":0,"24":0,"25":0,"26":0,"27":0,"28":0,"29":0,"30":0,"31":0,"32":0,"33":0,"34":0,"35":0,"36":0,"37":0,"38":0,"39":0,"40":0,"41":0,"42":1,"43":0,"44":0,"45":0,"46":0,"47":0,"48":0,"49":0,"50":0,"51":0,"52":1,"53":0,"54":0,"55":0,"56":0,"57":0,"58":0,"59":0,"60":0,"61":0,"62":0,"63":0,"64":0,"65":0,"66":0,"67":0,"68":0,"69":0,"70":1,"71":0,"72":0,"73":0,"74":0,"75":0,"76":0,"77":0,"78":0,"79":0,"80":0,"81":0,"82":1,"83":0,"84":1,"85":0,"86":0,"87":0,"88":1,"89":0,"90":0,"91":0,"92":0,"93":0,"94":0,"95":0,"96":0,"97":0,"98":0,"99":0,"100":0,"101":1,"102":0,"103":0,"104":0,"105":0,"106":0,"107":0,"108":0,"109":0,"110":0,"111":0,"112":0,"113":1,"114":0,"115":0,"116":0,"117":0,"118":0,"119":0,"120":0,"121":0,"122":0,"123":0,"124":1,"125":0,"126":0,"127":0},"b":{"1":[0,0],"2":[0,0],"3":[0,0],"4":[0,0],"5":[0,0,0],"6":[0,0],"7":[0,0],"8":[0,0],"9":[0,0],"10":[0,0],"11":[0,0],"12":[0,0],"13":[0,0],"14":[0,0],"15":[0,0],"16":[0,0],"17":[0,0],"18":[0,0],"19":[0,0],"20":[0,0],"21":[0,0],"22":[0,0],"23":[0,0],"24":[0,0],"25":[0,0],"26":[0,0],"27":[0,0],"28":[0,0],"29":[0,0],"30":[0,0],"31":[0,0],"32":[0,0],"33":[0,0],"34":[0,0],"35":[0,0],"36":[0,0],"37":[0,0],"38":[0,0],"39":[0,0]},"f":{"1":0,"2":0,"3":0,"4":0,"5":0,"6":0,"7":0,"8":0,"9":0,"10":0,"11":0,"12":0},"fnMap":{"1":{"name":"parse","line":92,"loc":{"start":{"line":92,"column":0},"end":{"line":92,"column":28}}},"2":{"name":"handleTemplateCache","line":168,"loc":{"start":{"line":168,"column":0},"end":{"line":168,"column":44}}},"3":{"name":"(anonymous_3)","line":196,"loc":{"start":{"line":196,"column":18},"end":{"line":196,"column":40}}},"4":{"name":"(anonymous_4)","line":219,"loc":{"start":{"line":219,"column":12},"end":{"line":219,"column":28}}},"5":{"name":"(anonymous_5)","line":221,"loc":{"start":{"line":221,"column":19},"end":{"line":221,"column":31}}},"6":{"name":"(anonymous_6)","line":248,"loc":{"start":{"line":248,"column":47},"end":{"line":248,"column":69}}},"7":{"name":"(anonymous_7)","line":288,"loc":{"start":{"line":288,"column":24},"end":{"line":288,"column":48}}},"8":{"name":"(anonymous_8)","line":306,"loc":{"start":{"line":306,"column":22},"end":{"line":306,"column":47}}},"9":{"name":"(anonymous_9)","line":327,"loc":{"start":{"line":327,"column":17},"end":{"line":327,"column":43}}},"10":{"name":"(anonymous_10)","line":362,"loc":{"start":{"line":362,"column":21},"end":{"line":362,"column":48}}},"11":{"name":"(anonymous_11)","line":393,"loc":{"start":{"line":393,"column":28},"end":{"line":393,"column":51}}},"12":{"name":"(anonymous_12)","line":413,"loc":{"start":{"line":413,"column":20},"end":{"line":413,"column":48}}}},"statementMap":{"1":{"start":{"line":13,"column":0},"end":{"line":19,"column":31}},"2":{"start":{"line":27,"column":0},"end":{"line":27,"column":60}},"3":{"start":{"line":33,"column":0},"end":{"line":33,"column":41}},"4":{"start":{"line":39,"column":0},"end":{"line":39,"column":39}},"5":{"start":{"line":45,"column":0},"end":{"line":45,"column":22}},"6":{"start":{"line":51,"column":0},"end":{"line":51,"column":28}},"7":{"start":{"line":57,"column":0},"end":{"line":57,"column":24}},"8":{"start":{"line":63,"column":0},"end":{"line":63,"column":22}},"9":{"start":{"line":69,"column":0},"end":{"line":69,"column":35}},"10":{"start":{"line":75,"column":0},"end":{"line":75,"column":26}},"11":{"start":{"line":81,"column":0},"end":{"line":81,"column":19}},"12":{"start":{"line":92,"column":0},"end":{"line":152,"column":1}},"13":{"start":{"line":94,"column":2},"end":{"line":97,"column":3}},"14":{"start":{"line":95,"column":4},"end":{"line":96,"column":67}},"15":{"start":{"line":100,"column":2},"end":{"line":100,"column":78}},"16":{"start":{"line":101,"column":2},"end":{"line":101,"column":13}},"17":{"start":{"line":102,"column":2},"end":{"line":108,"column":3}},"18":{"start":{"line":104,"column":4},"end":{"line":104,"column":28}},"19":{"start":{"line":106,"column":4},"end":{"line":106,"column":30}},"20":{"start":{"line":107,"column":4},"end":{"line":107,"column":77}},"21":{"start":{"line":111,"column":2},"end":{"line":111,"column":69}},"22":{"start":{"line":112,"column":2},"end":{"line":112,"column":9}},"23":{"start":{"line":113,"column":2},"end":{"line":124,"column":3}},"24":{"start":{"line":114,"column":4},"end":{"line":114,"column":28}},"25":{"start":{"line":116,"column":4},"end":{"line":123,"column":5}},"26":{"start":{"line":117,"column":6},"end":{"line":117,"column":65}},"27":{"start":{"line":119,"column":6},"end":{"line":121,"column":7}},"28":{"start":{"line":120,"column":8},"end":{"line":120,"column":118}},"29":{"start":{"line":122,"column":6},"end":{"line":122,"column":16}},"30":{"start":{"line":127,"column":2},"end":{"line":129,"column":3}},"31":{"start":{"line":128,"column":4},"end":{"line":128,"column":92}},"32":{"start":{"line":131,"column":2},"end":{"line":131,"column":19}},"33":{"start":{"line":133,"column":2},"end":{"line":135,"column":3}},"34":{"start":{"line":134,"column":4},"end":{"line":134,"column":38}},"35":{"start":{"line":137,"column":2},"end":{"line":137,"column":23}},"36":{"start":{"line":138,"column":2},"end":{"line":138,"column":30}},"37":{"start":{"line":139,"column":2},"end":{"line":139,"column":30}},"38":{"start":{"line":140,"column":2},"end":{"line":140,"column":29}},"39":{"start":{"line":141,"column":2},"end":{"line":141,"column":22}},"40":{"start":{"line":143,"column":2},"end":{"line":150,"column":29}},"41":{"start":{"line":151,"column":2},"end":{"line":151,"column":57}},"42":{"start":{"line":168,"column":0},"end":{"line":178,"column":1}},"43":{"start":{"line":169,"column":2},"end":{"line":169,"column":29}},"44":{"start":{"line":170,"column":2},"end":{"line":177,"column":3}},"45":{"start":{"line":171,"column":4},"end":{"line":171,"column":30}},"46":{"start":{"line":173,"column":4},"end":{"line":173,"column":75}},"47":{"start":{"line":173,"column":27},"end":{"line":173,"column":75}},"48":{"start":{"line":174,"column":4},"end":{"line":174,"column":46}},"49":{"start":{"line":175,"column":4},"end":{"line":175,"column":50}},"50":{"start":{"line":175,"column":23},"end":{"line":175,"column":50}},"51":{"start":{"line":176,"column":4},"end":{"line":176,"column":17}},"52":{"start":{"line":196,"column":0},"end":{"line":230,"column":2}},"53":{"start":{"line":197,"column":2},"end":{"line":201,"column":9}},"54":{"start":{"line":203,"column":2},"end":{"line":203,"column":20}},"55":{"start":{"line":205,"column":2},"end":{"line":205,"column":35}},"56":{"start":{"line":206,"column":2},"end":{"line":217,"column":3}},"57":{"start":{"line":207,"column":4},"end":{"line":214,"column":17}},"58":{"start":{"line":216,"column":4},"end":{"line":216,"column":21}},"59":{"start":{"line":218,"column":2},"end":{"line":218,"column":39}},"60":{"start":{"line":219,"column":2},"end":{"line":219,"column":74}},"61":{"start":{"line":219,"column":30},"end":{"line":219,"column":72}},"62":{"start":{"line":220,"column":2},"end":{"line":227,"column":3}},"63":{"start":{"line":221,"column":4},"end":{"line":226,"column":6}},"64":{"start":{"line":222,"column":6},"end":{"line":222,"column":108}},"65":{"start":{"line":223,"column":6},"end":{"line":223,"column":27}},"66":{"start":{"line":224,"column":6},"end":{"line":224,"column":73}},"67":{"start":{"line":225,"column":6},"end":{"line":225,"column":49}},"68":{"start":{"line":228,"column":2},"end":{"line":228,"column":41}},"69":{"start":{"line":229,"column":2},"end":{"line":229,"column":13}},"70":{"start":{"line":248,"column":0},"end":{"line":271,"column":2}},"71":{"start":{"line":249,"column":2},"end":{"line":249,"column":30}},"72":{"start":{"line":250,"column":2},"end":{"line":250,"column":40}},"73":{"start":{"line":251,"column":2},"end":{"line":251,"column":84}},"74":{"start":{"line":252,"column":2},"end":{"line":252,"column":9}},"75":{"start":{"line":254,"column":2},"end":{"line":254,"column":20}},"76":{"start":{"line":255,"column":2},"end":{"line":255,"column":61}},"77":{"start":{"line":256,"column":2},"end":{"line":256,"column":35}},"78":{"start":{"line":257,"column":2},"end":{"line":268,"column":3}},"79":{"start":{"line":258,"column":4},"end":{"line":265,"column":17}},"80":{"start":{"line":267,"column":4},"end":{"line":267,"column":21}},"81":{"start":{"line":270,"column":2},"end":{"line":270,"column":101}},"82":{"start":{"line":288,"column":0},"end":{"line":290,"column":2}},"83":{"start":{"line":289,"column":2},"end":{"line":289,"column":73}},"84":{"start":{"line":306,"column":0},"end":{"line":310,"column":2}},"85":{"start":{"line":307,"column":2},"end":{"line":307,"column":26}},"86":{"start":{"line":308,"column":2},"end":{"line":308,"column":26}},"87":{"start":{"line":309,"column":2},"end":{"line":309,"column":38}},"88":{"start":{"line":327,"column":0},"end":{"line":350,"column":2}},"89":{"start":{"line":329,"column":2},"end":{"line":331,"column":3}},"90":{"start":{"line":330,"column":4},"end":{"line":330,"column":38}},"91":{"start":{"line":332,"column":2},"end":{"line":340,"column":3}},"92":{"start":{"line":333,"column":4},"end":{"line":333,"column":11}},"93":{"start":{"line":334,"column":4},"end":{"line":338,"column":5}},"94":{"start":{"line":335,"column":6},"end":{"line":335,"column":41}},"95":{"start":{"line":337,"column":6},"end":{"line":337,"column":20}},"96":{"start":{"line":339,"column":4},"end":{"line":339,"column":25}},"97":{"start":{"line":342,"column":2},"end":{"line":342,"column":26}},"98":{"start":{"line":345,"column":2},"end":{"line":347,"column":3}},"99":{"start":{"line":346,"column":4},"end":{"line":346,"column":69}},"100":{"start":{"line":349,"column":2},"end":{"line":349,"column":52}},"101":{"start":{"line":362,"column":0},"end":{"line":381,"column":2}},"102":{"start":{"line":364,"column":2},"end":{"line":366,"column":3}},"103":{"start":{"line":365,"column":4},"end":{"line":365,"column":38}},"104":{"start":{"line":367,"column":2},"end":{"line":375,"column":3}},"105":{"start":{"line":368,"column":4},"end":{"line":368,"column":11}},"106":{"start":{"line":369,"column":4},"end":{"line":373,"column":5}},"107":{"start":{"line":370,"column":6},"end":{"line":370,"column":46}},"108":{"start":{"line":372,"column":6},"end":{"line":372,"column":20}},"109":{"start":{"line":374,"column":4},"end":{"line":374,"column":25}},"110":{"start":{"line":377,"column":2},"end":{"line":377,"column":26}},"111":{"start":{"line":379,"column":2},"end":{"line":379,"column":26}},"112":{"start":{"line":380,"column":2},"end":{"line":380,"column":47}},"113":{"start":{"line":393,"column":0},"end":{"line":407,"column":2}},"114":{"start":{"line":394,"column":2},"end":{"line":394,"column":29}},"115":{"start":{"line":395,"column":2},"end":{"line":395,"column":26}},"116":{"start":{"line":397,"column":2},"end":{"line":397,"column":26}},"117":{"start":{"line":399,"column":2},"end":{"line":401,"column":3}},"118":{"start":{"line":400,"column":4},"end":{"line":400,"column":30}},"119":{"start":{"line":403,"column":2},"end":{"line":403,"column":54}},"120":{"start":{"line":404,"column":2},"end":{"line":404,"column":48}},"121":{"start":{"line":405,"column":2},"end":{"line":405,"column":46}},"122":{"start":{"line":405,"column":21},"end":{"line":405,"column":46}},"123":{"start":{"line":406,"column":2},"end":{"line":406,"column":13}},"124":{"start":{"line":413,"column":0},"end":{"line":418,"column":1}},"125":{"start":{"line":414,"column":2},"end":{"line":416,"column":3}},"126":{"start":{"line":415,"column":4},"end":{"line":415,"column":33}},"127":{"start":{"line":417,"column":2},"end":{"line":417,"column":40}}},"branchMap":{"1":{"line":94,"type":"if","locations":[{"start":{"line":94,"column":2},"end":{"line":94,"column":2}},{"start":{"line":94,"column":2},"end":{"line":94,"column":2}}]},"2":{"line":100,"type":"binary-expr","locations":[{"start":{"line":100,"column":20},"end":{"line":100,"column":34}},{"start":{"line":100,"column":38},"end":{"line":100,"column":44}}]},"3":{"line":111,"type":"binary-expr","locations":[{"start":{"line":111,"column":22},"end":{"line":111,"column":38}},{"start":{"line":111,"column":42},"end":{"line":111,"column":50}}]},"4":{"line":116,"type":"if","locations":[{"start":{"line":116,"column":4},"end":{"line":116,"column":4}},{"start":{"line":116,"column":4},"end":{"line":116,"column":4}}]},"5":{"line":116,"type":"binary-expr","locations":[{"start":{"line":116,"column":8},"end":{"line":116,"column":16}},{"start":{"line":116,"column":21},"end":{"line":116,"column":33}},{"start":{"line":116,"column":37},"end":{"line":116,"column":54}}]},"6":{"line":119,"type":"if","locations":[{"start":{"line":119,"column":6},"end":{"line":119,"column":6}},{"start":{"line":119,"column":6},"end":{"line":119,"column":6}}]},"7":{"line":127,"type":"if","locations":[{"start":{"line":127,"column":2},"end":{"line":127,"column":2}},{"start":{"line":127,"column":2},"end":{"line":127,"column":2}}]},"8":{"line":133,"type":"if","locations":[{"start":{"line":133,"column":2},"end":{"line":133,"column":2}},{"start":{"line":133,"column":2},"end":{"line":133,"column":2}}]},"9":{"line":147,"type":"cond-expr","locations":[{"start":{"line":148,"column":8},"end":{"line":148,"column":41}},{"start":{"line":149,"column":8},"end":{"line":149,"column":51}}]},"10":{"line":170,"type":"if","locations":[{"start":{"line":170,"column":2},"end":{"line":170,"column":2}},{"start":{"line":170,"column":2},"end":{"line":170,"column":2}}]},"11":{"line":170,"type":"binary-expr","locations":[{"start":{"line":170,"column":6},"end":{"line":170,"column":19}},{"start":{"line":170,"column":23},"end":{"line":170,"column":41}}]},"12":{"line":173,"type":"if","locations":[{"start":{"line":173,"column":4},"end":{"line":173,"column":4}},{"start":{"line":173,"column":4},"end":{"line":173,"column":4}}]},"13":{"line":175,"type":"if","locations":[{"start":{"line":175,"column":4},"end":{"line":175,"column":4}},{"start":{"line":175,"column":4},"end":{"line":175,"column":4}}]},"14":{"line":197,"type":"binary-expr","locations":[{"start":{"line":197,"column":16},"end":{"line":197,"column":23}},{"start":{"line":197,"column":27},"end":{"line":197,"column":29}}]},"15":{"line":198,"type":"cond-expr","locations":[{"start":{"line":199,"column":8},"end":{"line":199,"column":41}},{"start":{"line":200,"column":8},"end":{"line":200,"column":19}}]},"16":{"line":206,"type":"if","locations":[{"start":{"line":206,"column":2},"end":{"line":206,"column":2}},{"start":{"line":206,"column":2},"end":{"line":206,"column":2}}]},"17":{"line":212,"type":"cond-expr","locations":[{"start":{"line":212,"column":110},"end":{"line":212,"column":136}},{"start":{"line":212,"column":139},"end":{"line":212,"column":141}}]},"18":{"line":220,"type":"if","locations":[{"start":{"line":220,"column":2},"end":{"line":220,"column":2}},{"start":{"line":220,"column":2},"end":{"line":220,"column":2}}]},"19":{"line":224,"type":"binary-expr","locations":[{"start":{"line":224,"column":20},"end":{"line":224,"column":29}},{"start":{"line":224,"column":60},"end":{"line":224,"column":71},"skip":true}]},"20":{"line":249,"type":"binary-expr","locations":[{"start":{"line":249,"column":16},"end":{"line":249,"column":23}},{"start":{"line":249,"column":27},"end":{"line":249,"column":29}}]},"21":{"line":250,"type":"binary-expr","locations":[{"start":{"line":250,"column":13},"end":{"line":250,"column":25}},{"start":{"line":250,"column":29},"end":{"line":250,"column":39}}]},"22":{"line":251,"type":"cond-expr","locations":[{"start":{"line":251,"column":36},"end":{"line":251,"column":69}},{"start":{"line":251,"column":72},"end":{"line":251,"column":83}}]},"23":{"line":255,"type":"cond-expr","locations":[{"start":{"line":255,"column":48},"end":{"line":255,"column":52}},{"start":{"line":255,"column":55},"end":{"line":255,"column":60}}]},"24":{"line":257,"type":"if","locations":[{"start":{"line":257,"column":2},"end":{"line":257,"column":2}},{"start":{"line":257,"column":2},"end":{"line":257,"column":2}}]},"25":{"line":307,"type":"binary-expr","locations":[{"start":{"line":307,"column":12},"end":{"line":307,"column":19}},{"start":{"line":307,"column":23},"end":{"line":307,"column":25}}]},"26":{"line":329,"type":"if","locations":[{"start":{"line":329,"column":2},"end":{"line":329,"column":2}},{"start":{"line":329,"column":2},"end":{"line":329,"column":2}}]},"27":{"line":332,"type":"if","locations":[{"start":{"line":332,"column":2},"end":{"line":332,"column":2}},{"start":{"line":332,"column":2},"end":{"line":332,"column":2}}]},"28":{"line":342,"type":"binary-expr","locations":[{"start":{"line":342,"column":12},"end":{"line":342,"column":19}},{"start":{"line":342,"column":23},"end":{"line":342,"column":25}}]},"29":{"line":345,"type":"if","locations":[{"start":{"line":345,"column":2},"end":{"line":345,"column":2}},{"start":{"line":345,"column":2},"end":{"line":345,"column":2}}]},"30":{"line":345,"type":"binary-expr","locations":[{"start":{"line":345,"column":6},"end":{"line":345,"column":19}},{"start":{"line":345,"column":23},"end":{"line":345,"column":40}}]},"31":{"line":364,"type":"if","locations":[{"start":{"line":364,"column":2},"end":{"line":364,"column":2}},{"start":{"line":364,"column":2},"end":{"line":364,"column":2}}]},"32":{"line":367,"type":"if","locations":[{"start":{"line":367,"column":2},"end":{"line":367,"column":2}},{"start":{"line":367,"column":2},"end":{"line":367,"column":2}}]},"33":{"line":377,"type":"binary-expr","locations":[{"start":{"line":377,"column":12},"end":{"line":377,"column":19}},{"start":{"line":377,"column":23},"end":{"line":377,"column":25}}]},"34":{"line":395,"type":"binary-expr","locations":[{"start":{"line":395,"column":12},"end":{"line":395,"column":19}},{"start":{"line":395,"column":23},"end":{"line":395,"column":25}}]},"35":{"line":399,"type":"if","locations":[{"start":{"line":399,"column":2},"end":{"line":399,"column":2}},{"start":{"line":399,"column":2},"end":{"line":399,"column":2}}]},"36":{"line":399,"type":"binary-expr","locations":[{"start":{"line":399,"column":6},"end":{"line":399,"column":19}},{"start":{"line":399,"column":23},"end":{"line":399,"column":41}}]},"37":{"line":405,"type":"if","locations":[{"start":{"line":405,"column":2},"end":{"line":405,"column":2}},{"start":{"line":405,"column":2},"end":{"line":405,"column":2}}]},"38":{"line":414,"type":"if","locations":[{"start":{"line":414,"column":2},"end":{"line":414,"column":2}},{"start":{"line":414,"column":2},"end":{"line":414,"column":2}}]},"39":{"line":414,"type":"binary-expr","locations":[{"start":{"line":414,"column":5},"end":{"line":414,"column":38}},{"start":{"line":414,"column":42},"end":{"line":414,"column":79}}]}},"code":["'use strict';","","/*!"," * Jade"," * Copyright(c) 2010 TJ Holowaychuk <tj@vision-media.ca>"," * MIT Licensed"," */","","/**"," * Module dependencies."," */","","var Parser = require('./parser')","  , Lexer = require('./lexer')","  , Compiler = require('./compiler')","  , runtime = require('./runtime')","  , addWith = require('with')","  , fs = require('fs')","  , utils = require('./utils');","","/**"," * Expose self closing tags."," */","","// FIXME: either stop exporting selfClosing in v2 or export the new object","// form","exports.selfClosing = Object.keys(require('void-elements'));","","/**"," * Default supported doctypes."," */","","exports.doctypes = require('./doctypes');","","/**"," * Text filters."," */","","exports.filters = require('./filters');","","/**"," * Utilities."," */","","exports.utils = utils;","","/**"," * Expose `Compiler`."," */","","exports.Compiler = Compiler;","","/**"," * Expose `Parser`."," */","","exports.Parser = Parser;","","/**"," * Expose `Lexer`."," */","","exports.Lexer = Lexer;","","/**"," * Nodes."," */","","exports.nodes = require('./nodes');","","/**"," * Jade runtime helpers."," */","","exports.runtime = runtime;","","/**"," * Template function cache."," */","","exports.cache = {};","","/**"," * Parse the given `str` of jade and return a function body."," *"," * @param {String} str"," * @param {Object} options"," * @return {Object}"," * @api private"," */","","function parse(str, options){","","  if (options.lexer) {","    console.warn('Using `lexer` as a local in render() is deprecated and '","               + 'will be interpreted as an option in Jade 2.0.0');","  }","","  // Parse","  var parser = new (options.parser || Parser)(str, options.filename, options);","  var tokens;","  try {","    // Parse","    tokens = parser.parse();","  } catch (err) {","    parser = parser.context();","    runtime.rethrow(err, parser.filename, parser.lexer.lineno, parser.input);","  }","","  // Compile","  var compiler = new (options.compiler || Compiler)(tokens, options);","  var js;","  try {","    js = compiler.compile();","  } catch (err) {","    if (err.line && (err.filename || !options.filename)) {","      runtime.rethrow(err, err.filename, err.line, parser.input);","    } else {","      if (err instanceof Error) {","        err.message += '\\n\\nPlease report this entire error and stack trace to https://github.com/jadejs/jade/issues';","      }","      throw err;","    }","  }","","  // Debug compiler","  if (options.debug) {","    console.error('\\nCompiled Function:\\n\\n\\u001b[90m%s\\u001b[0m', js.replace(/^/gm, '  '));","  }","","  var globals = [];","","  if (options.globals) {","    globals = options.globals.slice();","  }","","  globals.push('jade');","  globals.push('jade_mixins');","  globals.push('jade_interp');","  globals.push('jade_debug');","  globals.push('buf');","","  var body = ''","    + 'var buf = [];\\n'","    + 'var jade_mixins = {};\\n'","    + 'var jade_interp;\\n'","    + (options.self","      ? 'var self = locals || {};\\n' + js","      : addWith('locals || {}', '\\n' + js, globals)) + ';'","    + 'return buf.join(\"\");';","  return {body: body, dependencies: parser.dependencies};","}","","/**"," * Get the template from a string or a file, either compiled on-the-fly or"," * read from cache (if enabled), and cache the template if needed."," *"," * If `str` is not set, the file specified in `options.filename` will be read."," *"," * If `options.cache` is true, this function reads the file from"," * `options.filename` so it must be set prior to calling this function."," *"," * @param {Object} options"," * @param {String=} str"," * @return {Function}"," * @api private"," */","function handleTemplateCache (options, str) {","  var key = options.filename;","  if (options.cache && exports.cache[key]) {","    return exports.cache[key];","  } else {","    if (str === undefined) str = fs.readFileSync(options.filename, 'utf8');","    var templ = exports.compile(str, options);","    if (options.cache) exports.cache[key] = templ;","    return templ;","  }","}","","/**"," * Compile a `Function` representation of the given jade `str`."," *"," * Options:"," *"," *   - `compileDebug` when `false` debugging code is stripped from the compiled","       template, when it is explicitly `true`, the source code is included in","       the compiled template for better accuracy."," *   - `filename` used to improve errors when `compileDebug` is not `false` and to resolve imports/extends"," *"," * @param {String} str"," * @param {Options} options"," * @return {Function}"," * @api public"," */","","exports.compile = function(str, options){","  var options = options || {}","    , filename = options.filename","      ? utils.stringify(options.filename)","      : 'undefined'","    , fn;","","  str = String(str);","","  var parsed = parse(str, options);","  if (options.compileDebug !== false) {","    fn = [","        'var jade_debug = [ new jade.DebugItem( 1, ' + filename + ' ) ];'","      , 'try {'","      , parsed.body","      , '} catch (err) {'","      , '  jade.rethrow(err, jade_debug[0].filename, jade_debug[0].lineno' + (options.compileDebug === true ? ',' + utils.stringify(str) : '') + ');'","      , '}'","    ].join('\\n');","  } else {","    fn = parsed.body;","  }","  fn = new Function('locals, jade', fn)","  var res = function(locals){ return fn(locals, Object.create(runtime)) };","  if (options.client) {","    res.toString = function () {","      var err = new Error('The `client` option is deprecated, use the `jade.compileClient` method instead');","      err.name = 'Warning';","      console.error(err.stack || /* istanbul ignore next */ err.message);","      return exports.compileClient(str, options);","    };","  }","  res.dependencies = parsed.dependencies;","  return res;","};","","/**"," * Compile a JavaScript source representation of the given jade `str`."," *"," * Options:"," *"," *   - `compileDebug` When it is `true`, the source code is included in"," *     the compiled template for better error messages."," *   - `filename` used to improve errors when `compileDebug` is not `true` and to resolve imports/extends"," *   - `name` the name of the resulting function (defaults to \"template\")"," *"," * @param {String} str"," * @param {Options} options"," * @return {Object}"," * @api public"," */","","exports.compileClientWithDependenciesTracked = function(str, options){","  var options = options || {};","  var name = options.name || 'template';","  var filename = options.filename ? utils.stringify(options.filename) : 'undefined';","  var fn;","","  str = String(str);","  options.compileDebug = options.compileDebug ? true : false;","  var parsed = parse(str, options);","  if (options.compileDebug) {","    fn = [","        'var jade_debug = [ new jade.DebugItem( 1, ' + filename + ' ) ];'","      , 'try {'","      , parsed.body","      , '} catch (err) {'","      , '  jade.rethrow(err, jade_debug[0].filename, jade_debug[0].lineno, ' + utils.stringify(str) + ');'","      , '}'","    ].join('\\n');","  } else {","    fn = parsed.body;","  }","","  return {body: 'function ' + name + '(locals) {\\n' + fn + '\\n}', dependencies: parsed.dependencies};","};","","/**"," * Compile a JavaScript source representation of the given jade `str`."," *"," * Options:"," *"," *   - `compileDebug` When it is `true`, the source code is included in"," *     the compiled template for better error messages."," *   - `filename` used to improve errors when `compileDebug` is not `true` and to resolve imports/extends"," *   - `name` the name of the resulting function (defaults to \"template\")"," *"," * @param {String} str"," * @param {Options} options"," * @return {String}"," * @api public"," */","exports.compileClient = function (str, options) {","  return exports.compileClientWithDependenciesTracked(str, options).body;","};","","/**"," * Compile a `Function` representation of the given jade file."," *"," * Options:"," *"," *   - `compileDebug` when `false` debugging code is stripped from the compiled","       template, when it is explicitly `true`, the source code is included in","       the compiled template for better accuracy."," *"," * @param {String} path"," * @param {Options} options"," * @return {Function}"," * @api public"," */","exports.compileFile = function (path, options) {","  options = options || {};","  options.filename = path;","  return handleTemplateCache(options);","};","","/**"," * Render the given `str` of jade."," *"," * Options:"," *"," *   - `cache` enable template caching"," *   - `filename` filename required for `include` / `extends` and caching"," *"," * @param {String} str"," * @param {Object|Function} options or fn"," * @param {Function|undefined} fn"," * @returns {String}"," * @api public"," */","","exports.render = function(str, options, fn){","  // support callback API","  if ('function' == typeof options) {","    fn = options, options = undefined;","  }","  if (typeof fn === 'function') {","    var res","    try {","      res = exports.render(str, options);","    } catch (ex) {","      return fn(ex);","    }","    return fn(null, res);","  }","","  options = options || {};","","  // cache requires .filename","  if (options.cache && !options.filename) {","    throw new Error('the \"filename\" option is required for caching');","  }","","  return handleTemplateCache(options, str)(options);","};","","/**"," * Render a Jade file at the given `path`."," *"," * @param {String} path"," * @param {Object|Function} options or callback"," * @param {Function|undefined} fn"," * @returns {String}"," * @api public"," */","","exports.renderFile = function(path, options, fn){","  // support callback API","  if ('function' == typeof options) {","    fn = options, options = undefined;","  }","  if (typeof fn === 'function') {","    var res","    try {","      res = exports.renderFile(path, options);","    } catch (ex) {","      return fn(ex);","    }","    return fn(null, res);","  }","","  options = options || {};","","  options.filename = path;","  return handleTemplateCache(options)(options);","};","","","/**"," * Compile a Jade file at the given `path` for use on the client."," *"," * @param {String} path"," * @param {Object} options"," * @returns {String}"," * @api public"," */","","exports.compileFileClient = function(path, options){","  var key = path + ':client';","  options = options || {};","","  options.filename = path;","","  if (options.cache && exports.cache[key]) {","    return exports.cache[key];","  }","","  var str = fs.readFileSync(options.filename, 'utf8');","  var out = exports.compileClient(str, options);","  if (options.cache) exports.cache[key] = out;","  return out;","};","","/**"," * Express support."," */","","exports.__express = function(path, options, fn) {","  if(options.compileDebug == undefined && process.env.NODE_ENV === 'production') {","    options.compileDebug = false;","  }","  exports.renderFile(path, options, fn);","}",""],"l":{"13":1,"27":1,"33":1,"39":1,"45":1,"51":1,"57":1,"63":1,"69":1,"75":1,"81":1,"92":1,"94":0,"95":0,"100":0,"101":0,"102":0,"104":0,"106":0,"107":0,"111":0,"112":0,"113":0,"114":0,"116":0,"117":0,"119":0,"120":0,"122":0,"127":0,"128":0,"131":0,"133":0,"134":0,"137":0,"138":0,"139":0,"140":0,"141":0,"143":0,"151":0,"168":1,"169":0,"170":0,"171":0,"173":0,"174":0,"175":0,"176":0,"196":1,"197":0,"203":0,"205":0,"206":0,"207":0,"216":0,"218":0,"219":0,"220":0,"221":0,"222":0,"223":0,"224":0,"225":0,"228":0,"229":0,"248":1,"249":0,"250":0,"251":0,"252":0,"254":0,"255":0,"256":0,"257":0,"258":0,"267":0,"270":0,"288":1,"289":0,"306":1,"307":0,"308":0,"309":0,"327":1,"329":0,"330":0,"332":0,"333":0,"334":0,"335":0,"337":0,"339":0,"342":0,"345":0,"346":0,"349":0,"362":1,"364":0,"365":0,"367":0,"368":0,"369":0,"370":0,"372":0,"374":0,"377":0,"379":0,"380":0,"393":1,"394":0,"395":0,"397":0,"399":0,"400":0,"403":0,"404":0,"405":0,"406":0,"413":1,"414":0,"415":0,"417":0}},"/home/travis/build/npmtest/node-npmtest-jade/jade/lib/parser.js":{"path":"/home/travis/build/npmtest/node-npmtest-jade/jade/lib/parser.js","s":{"1":1,"2":1,"3":1,"4":1,"5":1,"6":1,"7":1,"8":1,"9":1,"10":0,"11":0,"12":0,"13":0,"14":0,"15":0,"16":0,"17":0,"18":0,"19":0,"20":1,"21":0,"22":0,"23":0,"24":0,"25":0,"26":0,"27":0,"28":0,"29":0,"30":0,"31":0,"32":0,"33":0,"34":0,"35":0,"36":0,"37":0,"38":0,"39":0,"40":0,"41":0,"42":0,"43":0,"44":0,"45":0,"46":0,"47":0,"48":0,"49":0,"50":0,"51":0,"52":0,"53":0,"54":0,"55":0,"56":0,"57":0,"58":0,"59":0,"60":0,"61":0,"62":0,"63":0,"64":0,"65":0,"66":0,"67":0,"68":0,"69":0,"70":0,"71":0,"72":0,"73":0,"74":0,"75":0,"76":0,"77":0,"78":0,"79":0,"80":0,"81":0,"82":0,"83":0,"84":0,"85":0,"86":0,"87":0,"88":0,"89":0,"90":0,"91":0,"92":0,"93":0,"94":0,"95":0,"96":0,"97":0,"98":0,"99":0,"100":0,"101":0,"102":0,"103":0,"104":0,"105":0,"106":0,"107":0,"108":0,"109":0,"110":0,"111":0,"112":0,"113":0,"114":0,"115":0,"116":0,"117":0,"118":0,"119":0,"120":0,"121":0,"122":0,"123":0,"124":0,"125":0,"126":0,"127":0,"128":0,"129":0,"130":0,"131":0,"132":0,"133":0,"134":0,"135":0,"136":0,"137":0,"138":0,"139":0,"140":0,"141":0,"142":0,"143":0,"144":0,"145":0,"146":0,"147":0,"148":0,"149":0,"150":0,"151":0,"152":0,"153":0,"154":0,"155":0,"156":0,"157":0,"158":0,"159"
[...]
61,"column":0},"end":{"line":61,"column":34}},"24":{"start":{"line":62,"column":0},"end":{"line":66,"column":1}},"25":{"start":{"line":63,"column":2},"end":{"line":65,"column":35}},"26":{"start":{"line":64,"column":80},"end":{"line":64,"column":96}},"27":{"start":{"line":75,"column":0},"end":{"line":90,"column":2}},"28":{"start":{"line":76,"column":2},"end":{"line":76,"column":15}},"29":{"start":{"line":77,"column":2},"end":{"line":83,"column":3}},"30":{"start":{"line":78,"column":4},"end":{"line":82,"column":5}},"31":{"start":{"line":79,"column":6},"end":{"line":79,"column":58}},"32":{"start":{"line":81,"column":6},"end":{"line":81,"column":40}},"33":{"start":{"line":84,"column":2},"end":{"line":84,"column":30}},"34":{"start":{"line":85,"column":2},"end":{"line":89,"column":3}},"35":{"start":{"line":86,"column":4},"end":{"line":86,"column":35}},"36":{"start":{"line":88,"column":4},"end":{"line":88,"column":14}},"37":{"start":{"line":93,"column":0},"end":{"line":101,"column":2}},"38":{"start":{"line":94,"column":2},"end":{"line":100,"column":3}},"39":{"start":{"line":95,"column":4},"end":{"line":97,"column":17}},"40":{"start":{"line":96,"column":6},"end":{"line":96,"column":38}},"41":{"start":{"line":99,"column":4},"end":{"line":99,"column":15}},"42":{"start":{"line":111,"column":0},"end":{"line":142,"column":2}},"43":{"start":{"line":112,"column":2},"end":{"line":114,"column":3}},"44":{"start":{"line":113,"column":4},"end":{"line":113,"column":29}},"45":{"start":{"line":115,"column":2},"end":{"line":141,"column":3}},"46":{"start":{"line":116,"column":4},"end":{"line":120,"column":5}},"47":{"start":{"line":117,"column":6},"end":{"line":117,"column":58}},"48":{"start":{"line":119,"column":6},"end":{"line":119,"column":16}},"49":{"start":{"line":121,"column":9},"end":{"line":141,"column":3}},"50":{"start":{"line":122,"column":4},"end":{"line":125,"column":5}},"51":{"start":{"line":123,"column":6},"end":{"line":124,"column":49}},"52":{"start":{"line":126,"column":4},"end":{"line":129,"column":5}},"53":{"start":{"line":127,"column":6},"end":{"line":128,"column":43}},"54":{"start":{"line":130,"column":4},"end":{"line":130,"column":80}},"55":{"start":{"line":131,"column":9},"end":{"line":141,"column":3}},"56":{"start":{"line":132,"column":4},"end":{"line":134,"column":5}},"57":{"start":{"line":133,"column":6},"end":{"line":133,"column":72}},"58":{"start":{"line":135,"column":4},"end":{"line":135,"column":56}},"59":{"start":{"line":137,"column":4},"end":{"line":139,"column":5}},"60":{"start":{"line":138,"column":6},"end":{"line":138,"column":72}},"61":{"start":{"line":140,"column":4},"end":{"line":140,"column":40}},"62":{"start":{"line":151,"column":0},"end":{"line":172,"column":2}},"63":{"start":{"line":152,"column":2},"end":{"line":152,"column":15}},"64":{"start":{"line":154,"column":2},"end":{"line":154,"column":30}},"65":{"start":{"line":156,"column":2},"end":{"line":169,"column":3}},"66":{"start":{"line":157,"column":4},"end":{"line":168,"column":5}},"67":{"start":{"line":158,"column":6},"end":{"line":159,"column":25}},"68":{"start":{"line":161,"column":6},"end":{"line":167,"column":7}},"69":{"start":{"line":162,"column":8},"end":{"line":164,"column":9}},"70":{"start":{"line":163,"column":10},"end":{"line":163,"column":49}},"71":{"start":{"line":166,"column":8},"end":{"line":166,"column":55}},"72":{"start":{"line":171,"column":2},"end":{"line":171,"column":22}},"73":{"start":{"line":182,"column":0},"end":{"line":187,"column":2}},"74":{"start":{"line":188,"column":0},"end":{"line":188,"column":32}},"75":{"start":{"line":190,"column":0},"end":{"line":192,"column":1}},"76":{"start":{"line":191,"column":2},"end":{"line":191,"column":40}},"77":{"start":{"line":194,"column":0},"end":{"line":194,"column":29}},"78":{"start":{"line":195,"column":0},"end":{"line":199,"column":1}},"79":{"start":{"line":196,"column":2},"end":{"line":196,"column":71}},"80":{"start":{"line":197,"column":2},"end":{"line":198,"column":21}},"81":{"start":{"line":197,"column":28},"end":{"line":197,"column":40}},"82":{"start":{"line":198,"column":7},"end":{"line":198,"column":21}},"83":{"start":{"line":211,"column":0},"end":{"line":241,"column":2}},"84":{"start":{"line":212,"column":2},"end":{"line":212,"column":41}},"85":{"start":{"line":212,"column":31},"end":{"line":212,"column":41}},"86":{"start":{"line":213,"column":2},"end":{"line":216,"column":3}},"87":{"start":{"line":214,"column":4},"end":{"line":214,"column":40}},"88":{"start":{"line":215,"column":4},"end":{"line":215,"column":14}},"89":{"start":{"line":217,"column":2},"end":{"line":221,"column":3}},"90":{"start":{"line":218,"column":4},"end":{"line":218,"column":61}},"91":{"start":{"line":220,"column":4},"end":{"line":220,"column":30}},"92":{"start":{"line":222,"column":2},"end":{"line":225,"column":53}},"93":{"start":{"line":228,"column":2},"end":{"line":234,"column":16}},"94":{"start":{"line":229,"column":4},"end":{"line":229,"column":29}},"95":{"start":{"line":230,"column":4},"end":{"line":233,"column":13}},"96":{"start":{"line":237,"column":2},"end":{"line":237,"column":22}},"97":{"start":{"line":238,"column":2},"end":{"line":239,"column":44}},"98":{"start":{"line":240,"column":2},"end":{"line":240,"column":12}},"99":{"start":{"line":243,"column":0},"end":{"line":246,"column":1}},"100":{"start":{"line":244,"column":2},"end":{"line":244,"column":23}},"101":{"start":{"line":245,"column":2},"end":{"line":245,"column":27}}},"branchMap":{"1":{"line":16,"type":"if","locations":[{"start":{"line":16,"column":2},"end":{"line":16,"column":2}},{"start":{"line":16,"column":2},"end":{"line":16,"column":2}}]},"2":{"line":26,"type":"if","locations":[{"start":{"line":26,"column":2},"end":{"line":26,"column":2}},{"start":{"line":26,"column":2},"end":{"line":26,"column":2}}]},"3":{"line":26,"type":"binary-expr","locations":[{"start":{"line":26,"column":6},"end":{"line":26,"column":8}},{"start":{"line":26,"column":12},"end":{"line":26,"column":14}}]},"4":{"line":27,"type":"binary-expr","locations":[{"start":{"line":27,"column":9},"end":{"line":27,"column":11}},{"start":{"line":27,"column":15},"end":{"line":27,"column":17}}]},"5":{"line":28,"type":"binary-expr","locations":[{"start":{"line":28,"column":9},"end":{"line":28,"column":11}},{"start":{"line":28,"column":15},"end":{"line":28,"column":17}}]},"6":{"line":29,"type":"if","locations":[{"start":{"line":29,"column":4},"end":{"line":29,"column":4}},{"start":{"line":29,"column":4},"end":{"line":29,"column":4}}]},"7":{"line":30,"type":"if","locations":[{"start":{"line":30,"column":4},"end":{"line":30,"column":4}},{"start":{"line":30,"column":4},"end":{"line":30,"column":4}}]},"8":{"line":35,"type":"if","locations":[{"start":{"line":35,"column":4},"end":{"line":35,"column":4}},{"start":{"line":35,"column":4},"end":{"line":35,"column":4}}]},"9":{"line":52,"type":"binary-expr","locations":[{"start":{"line":52,"column":9},"end":{"line":52,"column":20}},{"start":{"line":52,"column":24},"end":{"line":52,"column":34}}]},"10":{"line":63,"type":"cond-expr","locations":[{"start":{"line":63,"column":31},"end":{"line":63,"column":51}},{"start":{"line":64,"column":4},"end":{"line":65,"column":9}}]},"11":{"line":64,"type":"cond-expr","locations":[{"start":{"line":64,"column":39},"end":{"line":64,"column":99}},{"start":{"line":65,"column":4},"end":{"line":65,"column":9}}]},"12":{"line":64,"type":"binary-expr","locations":[{"start":{"line":64,"column":5},"end":{"line":64,"column":8}},{"start":{"line":64,"column":12},"end":{"line":64,"column":35}}]},"13":{"line":78,"type":"if","locations":[{"start":{"line":78,"column":4},"end":{"line":78,"column":4}},{"start":{"line":78,"column":4},"end":{"line":78,"column":4}}]},"14":{"line":78,"type":"binary-expr","locations":[{"start":{"line":78,"column":8},"end":{"line":78,"column":15}},{"start":{"line":78,"column":19},"end":{"line":78,"column":29}}]},"15":{"line":85,"type":"if","locations":[{"start":{"line":85,"column":2},"end":{"line":85,"column":2}},{"start":{"line":85,"column":2},"end":{"line":85,"column":2}}]},"16":{"line":94,"type":"if","locations":[{"start":{"line":94,"column":2},"end":{"line":94,"column":2}},{"start":{"line":94,"column":2},"end":{"line":94,"column":2}}]},"17":{"line":94,"type":"binary-expr","locations":[{"start":{"line":94,"column":6},"end":{"line":94,"column":9}},{"start":{"line":94,"column":13},"end":{"line":94,"column":36}}]},"18":{"line":112,"type":"if","locations":[{"start":{"line":112,"column":2},"end":{"line":112,"column":2}},{"start":{"line":112,"column":2},"end":{"line":112,"column":2}}]},"19":{"line":115,"type":"if","locations":[{"start":{"line":115,"column":2},"end":{"line":115,"column":2}},{"start":{"line":115,"column":2},"end":{"line":115,"column":2}}]},"20":{"line":115,"type":"binary-expr","locations":[{"start":{"line":115,"column":6},"end":{"line":115,"column":29}},{"start":{"line":115,"column":33},"end":{"line":115,"column":44}}]},"21":{"line":116,"type":"if","locations":[{"start":{"line":116,"column":4},"end":{"line":116,"column":4}},{"start":{"line":116,"column":4},"end":{"line":116,"column":4}}]},"22":{"line":117,"type":"cond-expr","locations":[{"start":{"line":117,"column":28},"end":{"line":117,"column":31}},{"start":{"line":117,"column":34},"end":{"line":117,"column":56}}]},"23":{"line":121,"type":"if","locations":[{"start":{"line":121,"column":9},"end":{"line":121,"column":9}},{"start":{"line":121,"column":9},"end":{"line":121,"column":9}}]},"24":{"line":121,"type":"binary-expr","locations":[{"start":{"line":121,"column":13},"end":{"line":121,"column":37}},{"start":{"line":121,"column":41},"end":{"line":121,"column":63}}]},"25":{"line":122,"type":"if","locations":[{"start":{"line":122,"column":4},"end":{"line":122,"column":4}},{"start":{"line":122,"column":4},"end":{"line":122,"column":4}}]},"26":{"line":126,"type":"if","locations":[{"start":{"line":126,"column":4},"end":{"line":126,"column":4}},{"start":{"line":126,"column":4},"end":{"line":126,"column":4}}]},"27":{"line":126,"type":"binary-expr","locations":[{"start":{"line":126,"column":8},"end":{"line":126,"column":11}},{"start":{"line":126,"column":15},"end":{"line":126,"column":52}}]},"28":{"line":131,"type":"if","locations":[{"start":{"line":131,"column":9},"end":{"line":131,"column":9}},{"start":{"line":131,"column":9},"end":{"line":131,"column":9}}]},"29":{"line":132,"type":"if","locations":[{"start":{"line":132,"column":4},"end":{"line":132,"column":4}},{"start":{"line":132,"column":4},"end":{"line":132,"column":4}}]},"30":{"line":132,"type":"binary-expr","locations":[{"start":{"line":132,"column":8},"end":{"line":132,"column":11}},{"start":{"line":132,"column":15},"end":{"line":132,"column":52}}]},"31":{"line":137,"type":"if","locations":[{"start":{"line":137,"column":4},"end":{"line":137,"column":4}},{"start":{"line":137,"column":4},"end":{"line":137,"column":4}}]},"32":{"line":137,"type":"binary-expr","locations":[{"start":{"line":137,"column":8},"end":{"line":137,"column":11}},{"start":{"line":137,"column":15},"end":{"line":137,"column":52}}]},"33":{"line":156,"type":"if","locations":[{"start":{"line":156,"column":2},"end":{"line":156,"column":2}},{"start":{"line":156,"column":2},"end":{"line":156,"column":2}}]},"34":{"line":161,"type":"if","locations":[{"start":{"line":161,"column":6},"end":{"line":161,"column":6}},{"start":{"line":161,"column":6},"end":{"line":161,"column":6}}]},"35":{"line":162,"type":"if","locations":[{"start":{"line":162,"column":8},"end":{"line":162,"column":8}},{"start":{"line":162,"column":8},"end":{"line":162,"column":8}}]},"36":{"line":191,"type":"binary-expr","locations":[{"start":{"line":191,"column":9},"end":{"line":191,"column":34}},{"start":{"line":191,"column":38},"end":{"line":191,"column":39}}]},"37":{"line":197,"type":"if","locations":[{"start":{"line":197,"column":2},"end":{"line":197,"column":2}},{"start":{"line":197,"column":2},"end":{"line":197,"column":2}}]},"38":{"line":212,"type":"if","locations":[{"start":{"line":212,"column":2},"end":{"line":212,"column":2}},{"start":{"line":212,"column":2},"end":{"line":212,"column":2}}]},"39":{"line":213,"type":"if","locations":[{"start":{"line":213,"column":2},"end":{"line":213,"column":2}},{"start":{"line":213,"column":2},"end":{"line":213,"column":2}}]},"40":{"line":213,"type":"binary-expr","locations":[{"start":{"line":213,"column":7},"end":{"line":213,"column":35}},{"start":{"line":213,"column":39},"end":{"line":213,"column":48}},{"start":{"line":213,"column":53},"end":{"line":213,"column":57}}]},"41":{"line":218,"type":"binary-expr","locations":[{"start":{"line":218,"column":10},"end":{"line":218,"column":13}},{"start":{"line":218,"column":17},"end":{"line":218,"column":61}}]},"42":{"line":230,"type":"cond-expr","locations":[{"start":{"line":230,"column":29},"end":{"line":230,"column":35}},{"start":{"line":230,"column":38},"end":{"line":230,"column":44}}]},"43":{"line":238,"type":"binary-expr","locations":[{"start":{"line":238,"column":17},"end":{"line":238,"column":25}},{"start":{"line":238,"column":29},"end":{"line":238,"column":35}}]}},"code":["'use strict';","","/**"," * Merge two attribute objects giving precedence"," * to values in object `b`. Classes are special-cased"," * allowing for arrays and merging/joining appropriately"," * resulting in a string."," *"," * @param {Object} a"," * @param {Object} b"," * @return {Object} a"," * @api private"," */","","exports.merge = function merge(a, b) {","  if (arguments.length === 1) {","    var attrs = a[0];","    for (var i = 1; i < a.length; i++) {","      attrs = merge(attrs, a[i]);","    }","    return attrs;","  }","  var ac = a['class'];","  var bc = b['class'];","","  if (ac || bc) {","    ac = ac || [];","    bc = bc || [];","    if (!Array.isArray(ac)) ac = [ac];","    if (!Array.isArray(bc)) bc = [bc];","    a['class'] = ac.concat(bc).filter(nulls);","  }","","  for (var key in b) {","    if (key != 'class') {","      a[key] = b[key];","    }","  }","","  return a;","};","","/**"," * Filter null `val`s."," *"," * @param {*} val"," * @return {Boolean}"," * @api private"," */","","function nulls(val) {","  return val != null && val !== '';","}","","/**"," * join array as classes."," *"," * @param {*} val"," * @return {String}"," */","exports.joinClasses = joinClasses;","function joinClasses(val) {","  return (Array.isArray(val) ? val.map(joinClasses) :","    (val && typeof val === 'object') ? Object.keys(val).filter(function (key) { return val[key]; }) :","    [val]).filter(nulls).join(' ');","}","","/**"," * Render the given classes."," *"," * @param {Array} classes"," * @param {Array.<Boolean>} escaped"," * @return {String}"," */","exports.cls = function cls(classes, escaped) {","  var buf = [];","  for (var i = 0; i < classes.length; i++) {","    if (escaped && escaped[i]) {","      buf.push(exports.escape(joinClasses([classes[i]])));","    } else {","      buf.push(joinClasses(classes[i]));","    }","  }","  var text = joinClasses(buf);","  if (text.length) {","    return ' class=\"' + text + '\"';","  } else {","    return '';","  }","};","","","exports.style = function (val) {","  if (val && typeof val === 'object') {","    return Object.keys(val).map(function (style) {","      return style + ':' + val[style];","    }).join(';');","  } else {","    return val;","  }","};","/**"," * Render the given attribute."," *"," * @param {String} key"," * @param {String} val"," * @param {Boolean} escaped"," * @param {Boolean} terse"," * @return {String}"," */","exports.attr = function attr(key, val, escaped, terse) {","  if (key === 'style') {","    val = exports.style(val);","  }","  if ('boolean' == typeof val || null == val) {","    if (val) {","      return ' ' + (terse ? key : key + '=\"' + key + '\"');","    } else {","      return '';","    }","  } else if (0 == key.indexOf('data') && 'string' != typeof val) {","    if (JSON.stringify(val).indexOf('&') !== -1) {","      console.warn('Since Jade 2.0.0, ampersands (`&`) in data attributes ' +","                   'will be escaped to `&amp;`');","    };","    if (val && typeof val.toISOString === 'function') {","      console.warn('Jade will eliminate the double quotes around dates in ' +","                   'ISO form after 2.0.0');","    }","    return ' ' + key + \"='\" + JSON.stringify(val).replace(/'/g, '&apos;') + \"'\";","  } else if (escaped) {","    if (val && typeof val.toISOString === 'function') {","      console.warn('Jade will stringify dates in ISO form after 2.0.0');","    }","    return ' ' + key + '=\"' + exports.escape(val) + '\"';","  } else {","    if (val && typeof val.toISOString === 'function') {","      console.warn('Jade will stringify dates in ISO form after 2.0.0');","    }","    return ' ' + key + '=\"' + val + '\"';","  }","};","","/**"," * Render the given attributes object."," *"," * @param {Object} obj"," * @param {Object} escaped"," * @return {String}"," */","exports.attrs = function attrs(obj, terse){","  var buf = [];","","  var keys = Object.keys(obj);","","  if (keys.length) {","    for (var i = 0; i < keys.length; ++i) {","      var key = keys[i]","        , val = obj[key];","","      if ('class' == key) {","        if (val = joinClasses(val)) {","          buf.push(' ' + key + '=\"' + val + '\"');","        }","      } else {","        buf.push(exports.attr(key, val, false, terse));","      }","    }","  }","","  return buf.join('');","};","","/**"," * Escape the given string of `html`."," *"," * @param {String} html"," * @return {String}"," * @api private"," */","","var jade_encode_html_rules = {","  '&': '&amp;',","  '<': '&lt;',","  '>': '&gt;',","  '\"': '&quot;'","};","var jade_match_html = /[&<>\"]/g;","","function jade_encode_char(c) {","  return jade_encode_html_rules[c] || c;","}","","exports.escape = jade_escape;","function jade_escape(html){","  var result = String(html).replace(jade_match_html, jade_encode_char);","  if (result === '' + html) return html;","  else return result;","};","","/**"," * Re-throw the given `err` in context to the"," * the jade in `filename` at the given `lineno`."," *"," * @param {Error} err"," * @param {String} filename"," * @param {String} lineno"," * @api private"," */","","exports.rethrow = function rethrow(err, filename, lineno, str){","  if (!(err instanceof Error)) throw err;","  if ((typeof window != 'undefined' || !filename) && !str) {","    err.message += ' on line ' + lineno;","    throw err;","  }","  try {","    str = str || require('fs').readFileSync(filename, 'utf8')","  } catch (ex) {","    rethrow(err, null, lineno)","  }","  var context = 3","    , lines = str.split('\\n')","    , start = Math.max(lineno - context, 0)","    , end = Math.min(lines.length, lineno + context);","","  // Error context","  var context = lines.slice(start, end).map(function(line, i){","    var curr = i + start + 1;","    return (curr == lineno ? '  > ' : '    ')","      + curr","      + '| '","      + line;","  }).join('\\n');","","  // Alter exception message","  err.path = filename;","  err.message = (filename || 'Jade') + ':' + lineno","    + '\\n' + context + '\\n\\n' + err.message;","  throw err;","};","","exports.DebugItem = function DebugItem(lineno, filename) {","  this.lineno = lineno;","  this.filename = filename;","}",""],"l":{"15":1,"16":0,"17":0,"18":0,"19":0,"21":0,"23":0,"24":0,"26":0,"27":0,"28":0,"29":0,"30":0,"31":0,"34":0,"35":0,"36":0,"40":0,"51":1,"52":0,"61":1,"62":1,"63":0,"64":0,"75":1,"76":0,"77":0,"78":0,"79":0,"81":0,"84":0,"85":0,"86":0,"88":0,"93":1,"94":0,"95":0,"96":0,"99":0,"111":1,"112":0,"113":0,"115":0,"116":0,"117":0,"119":0,"121":0,"122":0,"123":0,"126":0,"127":0,"130":0,"131":0,"132":0,"133":0,"135":0,"137":0,"138":0,"140":0,"151":1,"152":0,"154":0,"156":0,"157":0,"158":0,"161":0,"162":0,"163":0,"166":0,"171":0,"182":1,"188":1,"190":1,"191":0,"194":1,"195":1,"196":0,"197":0,"198":0,"211":1,"212":0,"213":0,"214":0,"215":0,"217":0,"218":0,"220":0,"222":0,"228":0,"229":0,"230":0,"237":0,"238":0,"240":0,"243":1,"244":0,"245":0}}}